CRITICAL - 2022-07-18 00:03:06 --> Undefined variable $category
in APPPATH\Views\website\template\footer.php on line 27.
 1 APPPATH\Views\website\template\footer.php(27): CodeIgniter\Debug\Exceptions->errorHandler(2, 'Undefined variable $category', 'APPPATH\\Views\\website\\template\\footer.php', 27)
 2 SYSTEMPATH\View\View.php(213): include('APPPATH\\Views\\website\\template\\footer.php')
 3 SYSTEMPATH\View\View.php(216): CodeIgniter\View\View->CodeIgniter\View\{closure}()
 4 SYSTEMPATH\View\View.php(429): CodeIgniter\View\View->render('website/template/footer', null, true)
 5 APPPATH\Views\website\template\content.php(4): CodeIgniter\View\View->include('website/template/footer')
 6 SYSTEMPATH\View\View.php(213): include('APPPATH\\Views\\website\\template\\content.php')
 7 SYSTEMPATH\View\View.php(216): CodeIgniter\View\View->CodeIgniter\View\{closure}()
 8 SYSTEMPATH\View\View.php(229): CodeIgniter\View\View->render('website/template/content', [], true)
 9 SYSTEMPATH\Common.php(1135): CodeIgniter\View\View->render('website/shop', [], true)
10 APPPATH\Controllers\Website.php(100): view('website/shop', [...])
11 SYSTEMPATH\CodeIgniter.php(896): App\Controllers\Website->shop()
12 SYSTEMPATH\CodeIgniter.php(466): CodeIgniter\CodeIgniter->runController(Object(App\Controllers\Website))
13 SYSTEMPATH\CodeIgniter.php(349): CodeIgniter\CodeIgniter->handleRequest(null, Object(Config\Cache), false)
14 FCPATH\index.php(55): CodeIgniter\CodeIgniter->run()
15 SYSTEMPATH\Commands\Server\rewrite.php(43): require_once('FCPATH\\index.php')
CRITICAL - 2022-07-18 00:03:49 --> Undefined variable $category
in APPPATH\Views\website\template\footer.php on line 27.
 1 APPPATH\Views\website\template\footer.php(27): CodeIgniter\Debug\Exceptions->errorHandler(2, 'Undefined variable $category', 'APPPATH\\Views\\website\\template\\footer.php', 27)
 2 SYSTEMPATH\View\View.php(213): include('APPPATH\\Views\\website\\template\\footer.php')
 3 SYSTEMPATH\View\View.php(216): CodeIgniter\View\View->CodeIgniter\View\{closure}()
 4 SYSTEMPATH\View\View.php(429): CodeIgniter\View\View->render('website/template/footer', null, true)
 5 APPPATH\Views\website\template\content.php(4): CodeIgniter\View\View->include('website/template/footer')
 6 SYSTEMPATH\View\View.php(213): include('APPPATH\\Views\\website\\template\\content.php')
 7 SYSTEMPATH\View\View.php(216): CodeIgniter\View\View->CodeIgniter\View\{closure}()
 8 SYSTEMPATH\View\View.php(229): CodeIgniter\View\View->render('website/template/content', [], true)
 9 SYSTEMPATH\Common.php(1135): CodeIgniter\View\View->render('website/shop', [], true)
10 APPPATH\Controllers\Website.php(100): view('website/shop', [...])
11 SYSTEMPATH\CodeIgniter.php(896): App\Controllers\Website->shop()
12 SYSTEMPATH\CodeIgniter.php(466): CodeIgniter\CodeIgniter->runController(Object(App\Controllers\Website))
13 SYSTEMPATH\CodeIgniter.php(349): CodeIgniter\CodeIgniter->handleRequest(null, Object(Config\Cache), false)
14 FCPATH\index.php(55): CodeIgniter\CodeIgniter->run()
15 SYSTEMPATH\Commands\Server\rewrite.php(43): require_once('FCPATH\\index.php')
CRITICAL - 2022-07-18 00:04:59 --> Undefined variable $category
in APPPATH\Views\website\template\footer.php on line 27.
 1 APPPATH\Views\website\template\footer.php(27): CodeIgniter\Debug\Exceptions->errorHandler(2, 'Undefined variable $category', 'APPPATH\\Views\\website\\template\\footer.php', 27)
 2 SYSTEMPATH\View\View.php(213): include('APPPATH\\Views\\website\\template\\footer.php')
 3 SYSTEMPATH\View\View.php(216): CodeIgniter\View\View->CodeIgniter\View\{closure}()
 4 SYSTEMPATH\View\View.php(429): CodeIgniter\View\View->render('website/template/footer', null, true)
 5 APPPATH\Views\website\template\content.php(4): CodeIgniter\View\View->include('website/template/footer')
 6 SYSTEMPATH\View\View.php(213): include('APPPATH\\Views\\website\\template\\content.php')
 7 SYSTEMPATH\View\View.php(216): CodeIgniter\View\View->CodeIgniter\View\{closure}()
 8 SYSTEMPATH\View\View.php(229): CodeIgniter\View\View->render('website/template/content', [], true)
 9 SYSTEMPATH\Common.php(1135): CodeIgniter\View\View->render('website/shop', [], true)
10 APPPATH\Controllers\Website.php(100): view('website/shop', [...])
11 SYSTEMPATH\CodeIgniter.php(896): App\Controllers\Website->shop()
12 SYSTEMPATH\CodeIgniter.php(466): CodeIgniter\CodeIgniter->runController(Object(App\Controllers\Website))
13 SYSTEMPATH\CodeIgniter.php(349): CodeIgniter\CodeIgniter->handleRequest(null, Object(Config\Cache), false)
14 FCPATH\index.php(55): CodeIgniter\CodeIgniter->run()
15 SYSTEMPATH\Commands\Server\rewrite.php(43): require_once('FCPATH\\index.php')
CRITICAL - 2022-07-18 00:05:21 --> Undefined variable $category
in APPPATH\Views\website\template\footer.php on line 27.
 1 APPPATH\Views\website\template\footer.php(27): CodeIgniter\Debug\Exceptions->errorHandler(2, 'Undefined variable $category', 'APPPATH\\Views\\website\\template\\footer.php', 27)
 2 SYSTEMPATH\View\View.php(213): include('APPPATH\\Views\\website\\template\\footer.php')
 3 SYSTEMPATH\View\View.php(216): CodeIgniter\View\View->CodeIgniter\View\{closure}()
 4 SYSTEMPATH\View\View.php(429): CodeIgniter\View\View->render('website/template/footer', null, true)
 5 APPPATH\Views\website\template\content.php(4): CodeIgniter\View\View->include('website/template/footer')
 6 SYSTEMPATH\View\View.php(213): include('APPPATH\\Views\\website\\template\\content.php')
 7 SYSTEMPATH\View\View.php(216): CodeIgniter\View\View->CodeIgniter\View\{closure}()
 8 SYSTEMPATH\View\View.php(229): CodeIgniter\View\View->render('website/template/content', [], true)
 9 SYSTEMPATH\Common.php(1135): CodeIgniter\View\View->render('website/shop', [], true)
10 APPPATH\Controllers\Website.php(100): view('website/shop', [...])
11 SYSTEMPATH\CodeIgniter.php(896): App\Controllers\Website->shop()
12 SYSTEMPATH\CodeIgniter.php(466): CodeIgniter\CodeIgniter->runController(Object(App\Controllers\Website))
13 SYSTEMPATH\CodeIgniter.php(349): CodeIgniter\CodeIgniter->handleRequest(null, Object(Config\Cache), false)
14 FCPATH\index.php(55): CodeIgniter\CodeIgniter->run()
15 SYSTEMPATH\Commands\Server\rewrite.php(43): require_once('FCPATH\\index.php')
CRITICAL - 2022-07-18 00:05:49 --> Undefined variable $category
in APPPATH\Views\website\template\footer.php on line 27.
 1 APPPATH\Views\website\template\footer.php(27): CodeIgniter\Debug\Exceptions->errorHandler(2, 'Undefined variable $category', 'APPPATH\\Views\\website\\template\\footer.php', 27)
 2 SYSTEMPATH\View\View.php(213): include('APPPATH\\Views\\website\\template\\footer.php')
 3 SYSTEMPATH\View\View.php(216): CodeIgniter\View\View->CodeIgniter\View\{closure}()
 4 SYSTEMPATH\View\View.php(429): CodeIgniter\View\View->render('website/template/footer', null, true)
 5 APPPATH\Views\website\template\content.php(4): CodeIgniter\View\View->include('website/template/footer')
 6 SYSTEMPATH\View\View.php(213): include('APPPATH\\Views\\website\\template\\content.php')
 7 SYSTEMPATH\View\View.php(216): CodeIgniter\View\View->CodeIgniter\View\{closure}()
 8 SYSTEMPATH\View\View.php(229): CodeIgniter\View\View->render('website/template/content', [], true)
 9 SYSTEMPATH\Common.php(1135): CodeIgniter\View\View->render('website/shop', [], true)
10 APPPATH\Controllers\Website.php(100): view('website/shop', [...])
11 SYSTEMPATH\CodeIgniter.php(896): App\Controllers\Website->shop()
12 SYSTEMPATH\CodeIgniter.php(466): CodeIgniter\CodeIgniter->runController(Object(App\Controllers\Website))
13 SYSTEMPATH\CodeIgniter.php(349): CodeIgniter\CodeIgniter->handleRequest(null, Object(Config\Cache), false)
14 FCPATH\index.php(55): CodeIgniter\CodeIgniter->run()
15 SYSTEMPATH\Commands\Server\rewrite.php(43): require_once('FCPATH\\index.php')
CRITICAL - 2022-07-18 00:06:49 --> Undefined variable $category
in APPPATH\Views\website\template\footer.php on line 27.
 1 APPPATH\Views\website\template\footer.php(27): CodeIgniter\Debug\Exceptions->errorHandler(2, 'Undefined variable $category', 'APPPATH\\Views\\website\\template\\footer.php', 27)
 2 SYSTEMPATH\View\View.php(213): include('APPPATH\\Views\\website\\template\\footer.php')
 3 SYSTEMPATH\View\View.php(216): CodeIgniter\View\View->CodeIgniter\View\{closure}()
 4 SYSTEMPATH\View\View.php(429): CodeIgniter\View\View->render('website/template/footer', null, true)
 5 APPPATH\Views\website\template\content.php(4): CodeIgniter\View\View->include('website/template/footer')
 6 SYSTEMPATH\View\View.php(213): include('APPPATH\\Views\\website\\template\\content.php')
 7 SYSTEMPATH\View\View.php(216): CodeIgniter\View\View->CodeIgniter\View\{closure}()
 8 SYSTEMPATH\View\View.php(229): CodeIgniter\View\View->render('website/template/content', [], true)
 9 SYSTEMPATH\Common.php(1135): CodeIgniter\View\View->render('website/shop', [], true)
10 APPPATH\Controllers\Website.php(100): view('website/shop', [...])
11 SYSTEMPATH\CodeIgniter.php(896): App\Controllers\Website->shop()
12 SYSTEMPATH\CodeIgniter.php(466): CodeIgniter\CodeIgniter->runController(Object(App\Controllers\Website))
13 SYSTEMPATH\CodeIgniter.php(349): CodeIgniter\CodeIgniter->handleRequest(null, Object(Config\Cache), false)
14 FCPATH\index.php(55): CodeIgniter\CodeIgniter->run()
15 SYSTEMPATH\Commands\Server\rewrite.php(43): require_once('FCPATH\\index.php')
CRITICAL - 2022-07-18 00:09:14 --> Undefined variable $category
in APPPATH\Views\website\template\footer.php on line 27.
 1 APPPATH\Views\website\template\footer.php(27): CodeIgniter\Debug\Exceptions->errorHandler(2, 'Undefined variable $category', 'APPPATH\\Views\\website\\template\\footer.php', 27)
 2 SYSTEMPATH\View\View.php(213): include('APPPATH\\Views\\website\\template\\footer.php')
 3 SYSTEMPATH\View\View.php(216): CodeIgniter\View\View->CodeIgniter\View\{closure}()
 4 SYSTEMPATH\View\View.php(429): CodeIgniter\View\View->render('website/template/footer', null, true)
 5 APPPATH\Views\website\template\content.php(4): CodeIgniter\View\View->include('website/template/footer')
 6 SYSTEMPATH\View\View.php(213): include('APPPATH\\Views\\website\\template\\content.php')
 7 SYSTEMPATH\View\View.php(216): CodeIgniter\View\View->CodeIgniter\View\{closure}()
 8 SYSTEMPATH\View\View.php(229): CodeIgniter\View\View->render('website/template/content', [], true)
 9 SYSTEMPATH\Common.php(1135): CodeIgniter\View\View->render('website/shop', [], true)
10 APPPATH\Controllers\Website.php(100): view('website/shop', [...])
11 SYSTEMPATH\CodeIgniter.php(896): App\Controllers\Website->shop()
12 SYSTEMPATH\CodeIgniter.php(466): CodeIgniter\CodeIgniter->runController(Object(App\Controllers\Website))
13 SYSTEMPATH\CodeIgniter.php(349): CodeIgniter\CodeIgniter->handleRequest(null, Object(Config\Cache), false)
14 FCPATH\index.php(55): CodeIgniter\CodeIgniter->run()
15 SYSTEMPATH\Commands\Server\rewrite.php(43): require_once('FCPATH\\index.php')
CRITICAL - 2022-07-18 00:09:45 --> Undefined variable $category
in APPPATH\Views\website\template\footer.php on line 27.
 1 APPPATH\Views\website\template\footer.php(27): CodeIgniter\Debug\Exceptions->errorHandler(2, 'Undefined variable $category', 'APPPATH\\Views\\website\\template\\footer.php', 27)
 2 SYSTEMPATH\View\View.php(213): include('APPPATH\\Views\\website\\template\\footer.php')
 3 SYSTEMPATH\View\View.php(216): CodeIgniter\View\View->CodeIgniter\View\{closure}()
 4 SYSTEMPATH\View\View.php(429): CodeIgniter\View\View->render('website/template/footer', null, true)
 5 APPPATH\Views\website\template\content.php(4): CodeIgniter\View\View->include('website/template/footer')
 6 SYSTEMPATH\View\View.php(213): include('APPPATH\\Views\\website\\template\\content.php')
 7 SYSTEMPATH\View\View.php(216): CodeIgniter\View\View->CodeIgniter\View\{closure}()
 8 SYSTEMPATH\View\View.php(229): CodeIgniter\View\View->render('website/template/content', [], true)
 9 SYSTEMPATH\Common.php(1135): CodeIgniter\View\View->render('website/shop', [], true)
10 APPPATH\Controllers\Website.php(100): view('website/shop', [...])
11 SYSTEMPATH\CodeIgniter.php(896): App\Controllers\Website->shop()
12 SYSTEMPATH\CodeIgniter.php(466): CodeIgniter\CodeIgniter->runController(Object(App\Controllers\Website))
13 SYSTEMPATH\CodeIgniter.php(349): CodeIgniter\CodeIgniter->handleRequest(null, Object(Config\Cache), false)
14 FCPATH\index.php(55): CodeIgniter\CodeIgniter->run()
15 SYSTEMPATH\Commands\Server\rewrite.php(43): require_once('FCPATH\\index.php')
CRITICAL - 2022-07-18 00:10:23 --> Undefined variable $category
in APPPATH\Views\website\template\footer.php on line 27.
 1 APPPATH\Views\website\template\footer.php(27): CodeIgniter\Debug\Exceptions->errorHandler(2, 'Undefined variable $category', 'APPPATH\\Views\\website\\template\\footer.php', 27)
 2 SYSTEMPATH\View\View.php(213): include('APPPATH\\Views\\website\\template\\footer.php')
 3 SYSTEMPATH\View\View.php(216): CodeIgniter\View\View->CodeIgniter\View\{closure}()
 4 SYSTEMPATH\View\View.php(429): CodeIgniter\View\View->render('website/template/footer', null, true)
 5 APPPATH\Views\website\template\content.php(4): CodeIgniter\View\View->include('website/template/footer')
 6 SYSTEMPATH\View\View.php(213): include('APPPATH\\Views\\website\\template\\content.php')
 7 SYSTEMPATH\View\View.php(216): CodeIgniter\View\View->CodeIgniter\View\{closure}()
 8 SYSTEMPATH\View\View.php(229): CodeIgniter\View\View->render('website/template/content', [], true)
 9 SYSTEMPATH\Common.php(1135): CodeIgniter\View\View->render('website/shop', [], true)
10 APPPATH\Controllers\Website.php(100): view('website/shop', [...])
11 SYSTEMPATH\CodeIgniter.php(896): App\Controllers\Website->shop()
12 SYSTEMPATH\CodeIgniter.php(466): CodeIgniter\CodeIgniter->runController(Object(App\Controllers\Website))
13 SYSTEMPATH\CodeIgniter.php(349): CodeIgniter\CodeIgniter->handleRequest(null, Object(Config\Cache), false)
14 FCPATH\index.php(55): CodeIgniter\CodeIgniter->run()
15 SYSTEMPATH\Commands\Server\rewrite.php(43): require_once('FCPATH\\index.php')
CRITICAL - 2022-07-18 00:12:00 --> Undefined variable $category
in APPPATH\Views\website\template\footer.php on line 27.
 1 APPPATH\Views\website\template\footer.php(27): CodeIgniter\Debug\Exceptions->errorHandler(2, 'Undefined variable $category', 'APPPATH\\Views\\website\\template\\footer.php', 27)
 2 SYSTEMPATH\View\View.php(213): include('APPPATH\\Views\\website\\template\\footer.php')
 3 SYSTEMPATH\View\View.php(216): CodeIgniter\View\View->CodeIgniter\View\{closure}()
 4 SYSTEMPATH\View\View.php(429): CodeIgniter\View\View->render('website/template/footer', null, true)
 5 APPPATH\Views\website\template\content.php(4): CodeIgniter\View\View->include('website/template/footer')
 6 SYSTEMPATH\View\View.php(213): include('APPPATH\\Views\\website\\template\\content.php')
 7 SYSTEMPATH\View\View.php(216): CodeIgniter\View\View->CodeIgniter\View\{closure}()
 8 SYSTEMPATH\View\View.php(229): CodeIgniter\View\View->render('website/template/content', [], true)
 9 SYSTEMPATH\Common.php(1135): CodeIgniter\View\View->render('website/shop', [], true)
10 APPPATH\Controllers\Website.php(100): view('website/shop', [...])
11 SYSTEMPATH\CodeIgniter.php(896): App\Controllers\Website->shop()
12 SYSTEMPATH\CodeIgniter.php(466): CodeIgniter\CodeIgniter->runController(Object(App\Controllers\Website))
13 SYSTEMPATH\CodeIgniter.php(349): CodeIgniter\CodeIgniter->handleRequest(null, Object(Config\Cache), false)
14 FCPATH\index.php(55): CodeIgniter\CodeIgniter->run()
15 SYSTEMPATH\Commands\Server\rewrite.php(43): require_once('FCPATH\\index.php')
CRITICAL - 2022-07-18 00:16:48 --> Undefined variable $category
in APPPATH\Views\website\template\footer.php on line 27.
 1 APPPATH\Views\website\template\footer.php(27): CodeIgniter\Debug\Exceptions->errorHandler(2, 'Undefined variable $category', 'APPPATH\\Views\\website\\template\\footer.php', 27)
 2 SYSTEMPATH\View\View.php(213): include('APPPATH\\Views\\website\\template\\footer.php')
 3 SYSTEMPATH\View\View.php(216): CodeIgniter\View\View->CodeIgniter\View\{closure}()
 4 SYSTEMPATH\View\View.php(429): CodeIgniter\View\View->render('website/template/footer', null, true)
 5 APPPATH\Views\website\template\content.php(4): CodeIgniter\View\View->include('website/template/footer')
 6 SYSTEMPATH\View\View.php(213): include('APPPATH\\Views\\website\\template\\content.php')
 7 SYSTEMPATH\View\View.php(216): CodeIgniter\View\View->CodeIgniter\View\{closure}()
 8 SYSTEMPATH\View\View.php(229): CodeIgniter\View\View->render('website/template/content', [], true)
 9 SYSTEMPATH\Common.php(1135): CodeIgniter\View\View->render('website/shop', [], true)
10 APPPATH\Controllers\Website.php(100): view('website/shop', [...])
11 SYSTEMPATH\CodeIgniter.php(896): App\Controllers\Website->shop()
12 SYSTEMPATH\CodeIgniter.php(466): CodeIgniter\CodeIgniter->runController(Object(App\Controllers\Website))
13 SYSTEMPATH\CodeIgniter.php(349): CodeIgniter\CodeIgniter->handleRequest(null, Object(Config\Cache), false)
14 FCPATH\index.php(55): CodeIgniter\CodeIgniter->run()
15 SYSTEMPATH\Commands\Server\rewrite.php(43): require_once('FCPATH\\index.php')
CRITICAL - 2022-07-18 00:19:33 --> Undefined variable $category
in APPPATH\Views\website\template\footer.php on line 27.
 1 APPPATH\Views\website\template\footer.php(27): CodeIgniter\Debug\Exceptions->errorHandler(2, 'Undefined variable $category', 'APPPATH\\Views\\website\\template\\footer.php', 27)
 2 SYSTEMPATH\View\View.php(213): include('APPPATH\\Views\\website\\template\\footer.php')
 3 SYSTEMPATH\View\View.php(216): CodeIgniter\View\View->CodeIgniter\View\{closure}()
 4 SYSTEMPATH\View\View.php(429): CodeIgniter\View\View->render('website/template/footer', null, true)
 5 APPPATH\Views\website\template\content.php(4): CodeIgniter\View\View->include('website/template/footer')
 6 SYSTEMPATH\View\View.php(213): include('APPPATH\\Views\\website\\template\\content.php')
 7 SYSTEMPATH\View\View.php(216): CodeIgniter\View\View->CodeIgniter\View\{closure}()
 8 SYSTEMPATH\View\View.php(229): CodeIgniter\View\View->render('website/template/content', [], true)
 9 SYSTEMPATH\Common.php(1135): CodeIgniter\View\View->render('website/shop', [], true)
10 APPPATH\Controllers\Website.php(100): view('website/shop', [...])
11 SYSTEMPATH\CodeIgniter.php(896): App\Controllers\Website->shop()
12 SYSTEMPATH\CodeIgniter.php(466): CodeIgniter\CodeIgniter->runController(Object(App\Controllers\Website))
13 SYSTEMPATH\CodeIgniter.php(349): CodeIgniter\CodeIgniter->handleRequest(null, Object(Config\Cache), false)
14 FCPATH\index.php(55): CodeIgniter\CodeIgniter->run()
15 SYSTEMPATH\Commands\Server\rewrite.php(43): require_once('FCPATH\\index.php')
CRITICAL - 2022-07-18 00:19:52 --> Undefined variable $category
in APPPATH\Views\website\template\footer.php on line 27.
 1 APPPATH\Views\website\template\footer.php(27): CodeIgniter\Debug\Exceptions->errorHandler(2, 'Undefined variable $category', 'APPPATH\\Views\\website\\template\\footer.php', 27)
 2 SYSTEMPATH\View\View.php(213): include('APPPATH\\Views\\website\\template\\footer.php')
 3 SYSTEMPATH\View\View.php(216): CodeIgniter\View\View->CodeIgniter\View\{closure}()
 4 SYSTEMPATH\View\View.php(429): CodeIgniter\View\View->render('website/template/footer', null, true)
 5 APPPATH\Views\website\template\content.php(4): CodeIgniter\View\View->include('website/template/footer')
 6 SYSTEMPATH\View\View.php(213): include('APPPATH\\Views\\website\\template\\content.php')
 7 SYSTEMPATH\View\View.php(216): CodeIgniter\View\View->CodeIgniter\View\{closure}()
 8 SYSTEMPATH\View\View.php(229): CodeIgniter\View\View->render('website/template/content', [], true)
 9 SYSTEMPATH\Common.php(1135): CodeIgniter\View\View->render('website/shop', [], true)
10 APPPATH\Controllers\Website.php(100): view('website/shop', [...])
11 SYSTEMPATH\CodeIgniter.php(896): App\Controllers\Website->shop()
12 SYSTEMPATH\CodeIgniter.php(466): CodeIgniter\CodeIgniter->runController(Object(App\Controllers\Website))
13 SYSTEMPATH\CodeIgniter.php(349): CodeIgniter\CodeIgniter->handleRequest(null, Object(Config\Cache), false)
14 FCPATH\index.php(55): CodeIgniter\CodeIgniter->run()
15 SYSTEMPATH\Commands\Server\rewrite.php(43): require_once('FCPATH\\index.php')
CRITICAL - 2022-07-18 00:20:18 --> Undefined variable $category
in APPPATH\Views\website\template\footer.php on line 27.
 1 APPPATH\Views\website\template\footer.php(27): CodeIgniter\Debug\Exceptions->errorHandler(2, 'Undefined variable $category', 'APPPATH\\Views\\website\\template\\footer.php', 27)
 2 SYSTEMPATH\View\View.php(213): include('APPPATH\\Views\\website\\template\\footer.php')
 3 SYSTEMPATH\View\View.php(216): CodeIgniter\View\View->CodeIgniter\View\{closure}()
 4 SYSTEMPATH\View\View.php(429): CodeIgniter\View\View->render('website/template/footer', null, true)
 5 APPPATH\Views\website\template\content.php(4): CodeIgniter\View\View->include('website/template/footer')
 6 SYSTEMPATH\View\View.php(213): include('APPPATH\\Views\\website\\template\\content.php')
 7 SYSTEMPATH\View\View.php(216): CodeIgniter\View\View->CodeIgniter\View\{closure}()
 8 SYSTEMPATH\View\View.php(229): CodeIgniter\View\View->render('website/template/content', [], true)
 9 SYSTEMPATH\Common.php(1135): CodeIgniter\View\View->render('website/shop', [], true)
10 APPPATH\Controllers\Website.php(100): view('website/shop', [...])
11 SYSTEMPATH\CodeIgniter.php(896): App\Controllers\Website->shop()
12 SYSTEMPATH\CodeIgniter.php(466): CodeIgniter\CodeIgniter->runController(Object(App\Controllers\Website))
13 SYSTEMPATH\CodeIgniter.php(349): CodeIgniter\CodeIgniter->handleRequest(null, Object(Config\Cache), false)
14 FCPATH\index.php(55): CodeIgniter\CodeIgniter->run()
15 SYSTEMPATH\Commands\Server\rewrite.php(43): require_once('FCPATH\\index.php')
CRITICAL - 2022-07-18 00:20:31 --> Undefined variable $category
in APPPATH\Views\website\template\footer.php on line 27.
 1 APPPATH\Views\website\template\footer.php(27): CodeIgniter\Debug\Exceptions->errorHandler(2, 'Undefined variable $category', 'APPPATH\\Views\\website\\template\\footer.php', 27)
 2 SYSTEMPATH\View\View.php(213): include('APPPATH\\Views\\website\\template\\footer.php')
 3 SYSTEMPATH\View\View.php(216): CodeIgniter\View\View->CodeIgniter\View\{closure}()
 4 SYSTEMPATH\View\View.php(429): CodeIgniter\View\View->render('website/template/footer', null, true)
 5 APPPATH\Views\website\template\content.php(4): CodeIgniter\View\View->include('website/template/footer')
 6 SYSTEMPATH\View\View.php(213): include('APPPATH\\Views\\website\\template\\content.php')
 7 SYSTEMPATH\View\View.php(216): CodeIgniter\View\View->CodeIgniter\View\{closure}()
 8 SYSTEMPATH\View\View.php(229): CodeIgniter\View\View->render('website/template/content', [], true)
 9 SYSTEMPATH\Common.php(1135): CodeIgniter\View\View->render('website/shop', [], true)
10 APPPATH\Controllers\Website.php(100): view('website/shop', [...])
11 SYSTEMPATH\CodeIgniter.php(896): App\Controllers\Website->shop()
12 SYSTEMPATH\CodeIgniter.php(466): CodeIgniter\CodeIgniter->runController(Object(App\Controllers\Website))
13 SYSTEMPATH\CodeIgniter.php(349): CodeIgniter\CodeIgniter->handleRequest(null, Object(Config\Cache), false)
14 FCPATH\index.php(55): CodeIgniter\CodeIgniter->run()
15 SYSTEMPATH\Commands\Server\rewrite.php(43): require_once('FCPATH\\index.php')
CRITICAL - 2022-07-18 00:20:45 --> Undefined variable $category
in APPPATH\Views\website\template\footer.php on line 27.
 1 APPPATH\Views\website\template\footer.php(27): CodeIgniter\Debug\Exceptions->errorHandler(2, 'Undefined variable $category', 'APPPATH\\Views\\website\\template\\footer.php', 27)
 2 SYSTEMPATH\View\View.php(213): include('APPPATH\\Views\\website\\template\\footer.php')
 3 SYSTEMPATH\View\View.php(216): CodeIgniter\View\View->CodeIgniter\View\{closure}()
 4 SYSTEMPATH\View\View.php(429): CodeIgniter\View\View->render('website/template/footer', null, true)
 5 APPPATH\Views\website\template\content.php(4): CodeIgniter\View\View->include('website/template/footer')
 6 SYSTEMPATH\View\View.php(213): include('APPPATH\\Views\\website\\template\\content.php')
 7 SYSTEMPATH\View\View.php(216): CodeIgniter\View\View->CodeIgniter\View\{closure}()
 8 SYSTEMPATH\View\View.php(229): CodeIgniter\View\View->render('website/template/content', [], true)
 9 SYSTEMPATH\Common.php(1135): CodeIgniter\View\View->render('website/shop', [], true)
10 APPPATH\Controllers\Website.php(100): view('website/shop', [...])
11 SYSTEMPATH\CodeIgniter.php(896): App\Controllers\Website->shop()
12 SYSTEMPATH\CodeIgniter.php(466): CodeIgniter\CodeIgniter->runController(Object(App\Controllers\Website))
13 SYSTEMPATH\CodeIgniter.php(349): CodeIgniter\CodeIgniter->handleRequest(null, Object(Config\Cache), false)
14 FCPATH\index.php(55): CodeIgniter\CodeIgniter->run()
15 SYSTEMPATH\Commands\Server\rewrite.php(43): require_once('FCPATH\\index.php')
CRITICAL - 2022-07-18 00:20:46 --> Undefined variable $category
in APPPATH\Views\website\template\footer.php on line 27.
 1 APPPATH\Views\website\template\footer.php(27): CodeIgniter\Debug\Exceptions->errorHandler(2, 'Undefined variable $category', 'APPPATH\\Views\\website\\template\\footer.php', 27)
 2 SYSTEMPATH\View\View.php(213): include('APPPATH\\Views\\website\\template\\footer.php')
 3 SYSTEMPATH\View\View.php(216): CodeIgniter\View\View->CodeIgniter\View\{closure}()
 4 SYSTEMPATH\View\View.php(429): CodeIgniter\View\View->render('website/template/footer', null, true)
 5 APPPATH\Views\website\template\content.php(4): CodeIgniter\View\View->include('website/template/footer')
 6 SYSTEMPATH\View\View.php(213): include('APPPATH\\Views\\website\\template\\content.php')
 7 SYSTEMPATH\View\View.php(216): CodeIgniter\View\View->CodeIgniter\View\{closure}()
 8 SYSTEMPATH\View\View.php(229): CodeIgniter\View\View->render('website/template/content', [], true)
 9 SYSTEMPATH\Common.php(1135): CodeIgniter\View\View->render('website/shop', [], true)
10 APPPATH\Controllers\Website.php(100): view('website/shop', [...])
11 SYSTEMPATH\CodeIgniter.php(896): App\Controllers\Website->shop()
12 SYSTEMPATH\CodeIgniter.php(466): CodeIgniter\CodeIgniter->runController(Object(App\Controllers\Website))
13 SYSTEMPATH\CodeIgniter.php(349): CodeIgniter\CodeIgniter->handleRequest(null, Object(Config\Cache), false)
14 FCPATH\index.php(55): CodeIgniter\CodeIgniter->run()
15 SYSTEMPATH\Commands\Server\rewrite.php(43): require_once('FCPATH\\index.php')
CRITICAL - 2022-07-18 00:20:58 --> Undefined variable $category
in APPPATH\Views\website\template\footer.php on line 27.
 1 APPPATH\Views\website\template\footer.php(27): CodeIgniter\Debug\Exceptions->errorHandler(2, 'Undefined variable $category', 'APPPATH\\Views\\website\\template\\footer.php', 27)
 2 SYSTEMPATH\View\View.php(213): include('APPPATH\\Views\\website\\template\\footer.php')
 3 SYSTEMPATH\View\View.php(216): CodeIgniter\View\View->CodeIgniter\View\{closure}()
 4 SYSTEMPATH\View\View.php(429): CodeIgniter\View\View->render('website/template/footer', null, true)
 5 APPPATH\Views\website\template\content.php(4): CodeIgniter\View\View->include('website/template/footer')
 6 SYSTEMPATH\View\View.php(213): include('APPPATH\\Views\\website\\template\\content.php')
 7 SYSTEMPATH\View\View.php(216): CodeIgniter\View\View->CodeIgniter\View\{closure}()
 8 SYSTEMPATH\View\View.php(229): CodeIgniter\View\View->render('website/template/content', [], true)
 9 SYSTEMPATH\Common.php(1135): CodeIgniter\View\View->render('website/shop', [], true)
10 APPPATH\Controllers\Website.php(100): view('website/shop', [...])
11 SYSTEMPATH\CodeIgniter.php(896): App\Controllers\Website->shop()
12 SYSTEMPATH\CodeIgniter.php(466): CodeIgniter\CodeIgniter->runController(Object(App\Controllers\Website))
13 SYSTEMPATH\CodeIgniter.php(349): CodeIgniter\CodeIgniter->handleRequest(null, Object(Config\Cache), false)
14 FCPATH\index.php(55): CodeIgniter\CodeIgniter->run()
15 SYSTEMPATH\Commands\Server\rewrite.php(43): require_once('FCPATH\\index.php')
CRITICAL - 2022-07-18 00:21:06 --> Undefined variable $category
in APPPATH\Views\website\template\footer.php on line 27.
 1 APPPATH\Views\website\template\footer.php(27): CodeIgniter\Debug\Exceptions->errorHandler(2, 'Undefined variable $category', 'APPPATH\\Views\\website\\template\\footer.php', 27)
 2 SYSTEMPATH\View\View.php(213): include('APPPATH\\Views\\website\\template\\footer.php')
 3 SYSTEMPATH\View\View.php(216): CodeIgniter\View\View->CodeIgniter\View\{closure}()
 4 SYSTEMPATH\View\View.php(429): CodeIgniter\View\View->render('website/template/footer', null, true)
 5 APPPATH\Views\website\template\content.php(4): CodeIgniter\View\View->include('website/template/footer')
 6 SYSTEMPATH\View\View.php(213): include('APPPATH\\Views\\website\\template\\content.php')
 7 SYSTEMPATH\View\View.php(216): CodeIgniter\View\View->CodeIgniter\View\{closure}()
 8 SYSTEMPATH\View\View.php(229): CodeIgniter\View\View->render('website/template/content', [], true)
 9 SYSTEMPATH\Common.php(1135): CodeIgniter\View\View->render('website/shop', [], true)
10 APPPATH\Controllers\Website.php(100): view('website/shop', [...])
11 SYSTEMPATH\CodeIgniter.php(896): App\Controllers\Website->shop()
12 SYSTEMPATH\CodeIgniter.php(466): CodeIgniter\CodeIgniter->runController(Object(App\Controllers\Website))
13 SYSTEMPATH\CodeIgniter.php(349): CodeIgniter\CodeIgniter->handleRequest(null, Object(Config\Cache), false)
14 FCPATH\index.php(55): CodeIgniter\CodeIgniter->run()
15 SYSTEMPATH\Commands\Server\rewrite.php(43): require_once('FCPATH\\index.php')
CRITICAL - 2022-07-18 01:49:37 --> Undefined property: stdClass::$image
in APPPATH\Views\website\shop.php on line 56.
 1 APPPATH\Views\website\shop.php(56): CodeIgniter\Debug\Exceptions->errorHandler(2, 'Undefined property: stdClass::$image', 'APPPATH\\Views\\website\\shop.php', 56)
 2 SYSTEMPATH\View\View.php(213): include('APPPATH\\Views\\website\\shop.php')
 3 SYSTEMPATH\View\View.php(216): CodeIgniter\View\View->CodeIgniter\View\{closure}()
 4 SYSTEMPATH\Common.php(1135): CodeIgniter\View\View->render('website/shop', [], true)
 5 APPPATH\Controllers\Website.php(102): view('website/shop', [...])
 6 SYSTEMPATH\CodeIgniter.php(896): App\Controllers\Website->shop()
 7 SYSTEMPATH\CodeIgniter.php(466): CodeIgniter\CodeIgniter->runController(Object(App\Controllers\Website))
 8 SYSTEMPATH\CodeIgniter.php(349): CodeIgniter\CodeIgniter->handleRequest(null, Object(Config\Cache), false)
 9 FCPATH\index.php(55): CodeIgniter\CodeIgniter->run()
10 SYSTEMPATH\Commands\Server\rewrite.php(43): require_once('FCPATH\\index.php')
CRITICAL - 2022-07-18 02:00:45 --> Undefined property: stdClass::$nama_product
in APPPATH\Views\website\shop.php on line 62.
 1 APPPATH\Views\website\shop.php(62): CodeIgniter\Debug\Exceptions->errorHandler(2, 'Undefined property: stdClass::$nama_product', 'APPPATH\\Views\\website\\shop.php', 62)
 2 SYSTEMPATH\View\View.php(213): include('APPPATH\\Views\\website\\shop.php')
 3 SYSTEMPATH\View\View.php(216): CodeIgniter\View\View->CodeIgniter\View\{closure}()
 4 SYSTEMPATH\Common.php(1135): CodeIgniter\View\View->render('website/shop', [], true)
 5 APPPATH\Controllers\Website.php(101): view('website/shop', [...])
 6 SYSTEMPATH\CodeIgniter.php(896): App\Controllers\Website->shop()
 7 SYSTEMPATH\CodeIgniter.php(466): CodeIgniter\CodeIgniter->runController(Object(App\Controllers\Website))
 8 SYSTEMPATH\CodeIgniter.php(349): CodeIgniter\CodeIgniter->handleRequest(null, Object(Config\Cache), false)
 9 FCPATH\index.php(55): CodeIgniter\CodeIgniter->run()
10 SYSTEMPATH\Commands\Server\rewrite.php(43): require_once('FCPATH\\index.php')
CRITICAL - 2022-07-18 02:11:30 --> Allowed memory size of 536870912 bytes exhausted (tried to allocate 264257536 bytes)
in APPPATH\Views\website\shop.php on line 70.
 1 [internal function]: CodeIgniter\Debug\Exceptions->shutdownHandler()
CRITICAL - 2022-07-18 02:24:24 --> Too few arguments to function App\Controllers\Website::coba(), 0 passed in C:\xampp\htdocs\shop\system\CodeIgniter.php on line 896 and exactly 1 expected
in APPPATH\Controllers\Website.php on line 103.
 1 SYSTEMPATH\CodeIgniter.php(896): App\Controllers\Website->coba()
 2 SYSTEMPATH\CodeIgniter.php(466): CodeIgniter\CodeIgniter->runController(Object(App\Controllers\Website))
 3 SYSTEMPATH\CodeIgniter.php(349): CodeIgniter\CodeIgniter->handleRequest(null, Object(Config\Cache), false)
 4 FCPATH\index.php(55): CodeIgniter\CodeIgniter->run()
 5 SYSTEMPATH\Commands\Server\rewrite.php(43): require_once('FCPATH\\index.php')
CRITICAL - 2022-07-18 02:24:51 --> Too few arguments to function App\Controllers\Website::coba(), 0 passed in C:\xampp\htdocs\shop\system\CodeIgniter.php on line 896 and exactly 1 expected
in APPPATH\Controllers\Website.php on line 103.
 1 SYSTEMPATH\CodeIgniter.php(896): App\Controllers\Website->coba()
 2 SYSTEMPATH\CodeIgniter.php(466): CodeIgniter\CodeIgniter->runController(Object(App\Controllers\Website))
 3 SYSTEMPATH\CodeIgniter.php(349): CodeIgniter\CodeIgniter->handleRequest(null, Object(Config\Cache), false)
 4 FCPATH\index.php(55): CodeIgniter\CodeIgniter->run()
 5 SYSTEMPATH\Commands\Server\rewrite.php(43): require_once('FCPATH\\index.php')
CRITICAL - 2022-07-18 02:26:52 --> Too few arguments to function App\Controllers\Website::coba(), 0 passed in C:\xampp\htdocs\shop\system\CodeIgniter.php on line 896 and exactly 1 expected
in APPPATH\Controllers\Website.php on line 103.
 1 SYSTEMPATH\CodeIgniter.php(896): App\Controllers\Website->coba()
 2 SYSTEMPATH\CodeIgniter.php(466): CodeIgniter\CodeIgniter->runController(Object(App\Controllers\Website))
 3 SYSTEMPATH\CodeIgniter.php(349): CodeIgniter\CodeIgniter->handleRequest(null, Object(Config\Cache), false)
 4 FCPATH\index.php(55): CodeIgniter\CodeIgniter->run()
 5 SYSTEMPATH\Commands\Server\rewrite.php(43): require_once('FCPATH\\index.php')
CRITICAL - 2022-07-18 02:29:09 --> Too few arguments to function App\Controllers\Website::coba(), 0 passed in C:\xampp\htdocs\shop\system\CodeIgniter.php on line 896 and exactly 1 expected
in APPPATH\Controllers\Website.php on line 103.
 1 SYSTEMPATH\CodeIgniter.php(896): App\Controllers\Website->coba()
 2 SYSTEMPATH\CodeIgniter.php(466): CodeIgniter\CodeIgniter->runController(Object(App\Controllers\Website))
 3 SYSTEMPATH\CodeIgniter.php(349): CodeIgniter\CodeIgniter->handleRequest(null, Object(Config\Cache), false)
 4 FCPATH\index.php(55): CodeIgniter\CodeIgniter->run()
 5 SYSTEMPATH\Commands\Server\rewrite.php(43): require_once('FCPATH\\index.php')
CRITICAL - 2022-07-18 02:29:09 --> Too few arguments to function App\Controllers\Website::coba(), 0 passed in C:\xampp\htdocs\shop\system\CodeIgniter.php on line 896 and exactly 1 expected
in APPPATH\Controllers\Website.php on line 103.
 1 SYSTEMPATH\CodeIgniter.php(896): App\Controllers\Website->coba()
 2 SYSTEMPATH\CodeIgniter.php(466): CodeIgniter\CodeIgniter->runController(Object(App\Controllers\Website))
 3 SYSTEMPATH\CodeIgniter.php(349): CodeIgniter\CodeIgniter->handleRequest(null, Object(Config\Cache), false)
 4 FCPATH\index.php(55): CodeIgniter\CodeIgniter->run()
 5 SYSTEMPATH\Commands\Server\rewrite.php(43): require_once('FCPATH\\index.php')
CRITICAL - 2022-07-18 02:29:10 --> Too few arguments to function App\Controllers\Website::coba(), 0 passed in C:\xampp\htdocs\shop\system\CodeIgniter.php on line 896 and exactly 1 expected
in APPPATH\Controllers\Website.php on line 103.
 1 SYSTEMPATH\CodeIgniter.php(896): App\Controllers\Website->coba()
 2 SYSTEMPATH\CodeIgniter.php(466): CodeIgniter\CodeIgniter->runController(Object(App\Controllers\Website))
 3 SYSTEMPATH\CodeIgniter.php(349): CodeIgniter\CodeIgniter->handleRequest(null, Object(Config\Cache), false)
 4 FCPATH\index.php(55): CodeIgniter\CodeIgniter->run()
 5 SYSTEMPATH\Commands\Server\rewrite.php(43): require_once('FCPATH\\index.php')
CRITICAL - 2022-07-18 02:31:29 --> Too few arguments to function App\Controllers\Website::coba(), 0 passed in C:\xampp\htdocs\shop\system\CodeIgniter.php on line 896 and exactly 1 expected
in APPPATH\Controllers\Website.php on line 103.
 1 SYSTEMPATH\CodeIgniter.php(896): App\Controllers\Website->coba()
 2 SYSTEMPATH\CodeIgniter.php(466): CodeIgniter\CodeIgniter->runController(Object(App\Controllers\Website))
 3 SYSTEMPATH\CodeIgniter.php(349): CodeIgniter\CodeIgniter->handleRequest(null, Object(Config\Cache), false)
 4 FCPATH\index.php(55): CodeIgniter\CodeIgniter->run()
 5 SYSTEMPATH\Commands\Server\rewrite.php(43): require_once('FCPATH\\index.php')
CRITICAL - 2022-07-18 02:35:05 --> Too few arguments to function App\Controllers\Website::coba(), 0 passed in C:\xampp\htdocs\shop\system\CodeIgniter.php on line 896 and exactly 1 expected
in APPPATH\Controllers\Website.php on line 103.
 1 SYSTEMPATH\CodeIgniter.php(896): App\Controllers\Website->coba()
 2 SYSTEMPATH\CodeIgniter.php(466): CodeIgniter\CodeIgniter->runController(Object(App\Controllers\Website))
 3 SYSTEMPATH\CodeIgniter.php(349): CodeIgniter\CodeIgniter->handleRequest(null, Object(Config\Cache), false)
 4 FCPATH\index.php(55): CodeIgniter\CodeIgniter->run()
 5 SYSTEMPATH\Commands\Server\rewrite.php(43): require_once('FCPATH\\index.php')
CRITICAL - 2022-07-18 02:36:42 --> Too few arguments to function App\Controllers\Website::coba(), 0 passed in C:\xampp\htdocs\shop\system\CodeIgniter.php on line 896 and exactly 1 expected
in APPPATH\Controllers\Website.php on line 103.
 1 SYSTEMPATH\CodeIgniter.php(896): App\Controllers\Website->coba()
 2 SYSTEMPATH\CodeIgniter.php(466): CodeIgniter\CodeIgniter->runController(Object(App\Controllers\Website))
 3 SYSTEMPATH\CodeIgniter.php(349): CodeIgniter\CodeIgniter->handleRequest(null, Object(Config\Cache), false)
 4 FCPATH\index.php(55): CodeIgniter\CodeIgniter->run()
 5 SYSTEMPATH\Commands\Server\rewrite.php(43): require_once('FCPATH\\index.php')
CRITICAL - 2022-07-18 02:39:12 --> Undefined property: App\Controllers\Website::$uri
in APPPATH\Controllers\Website.php on line 106.
 1 APPPATH\Controllers\Website.php(106): CodeIgniter\Debug\Exceptions->errorHandler(2, 'Undefined property: App\\Controllers\\Website::$uri', 'APPPATH\\Controllers\\Website.php', 106)
 2 SYSTEMPATH\CodeIgniter.php(896): App\Controllers\Website->coba()
 3 SYSTEMPATH\CodeIgniter.php(466): CodeIgniter\CodeIgniter->runController(Object(App\Controllers\Website))
 4 SYSTEMPATH\CodeIgniter.php(349): CodeIgniter\CodeIgniter->handleRequest(null, Object(Config\Cache), false)
 5 FCPATH\index.php(55): CodeIgniter\CodeIgniter->run()
 6 SYSTEMPATH\Commands\Server\rewrite.php(43): require_once('FCPATH\\index.php')
CRITICAL - 2022-07-18 02:39:19 --> Undefined property: App\Controllers\Website::$uri
in APPPATH\Controllers\Website.php on line 106.
 1 APPPATH\Controllers\Website.php(106): CodeIgniter\Debug\Exceptions->errorHandler(2, 'Undefined property: App\\Controllers\\Website::$uri', 'APPPATH\\Controllers\\Website.php', 106)
 2 SYSTEMPATH\CodeIgniter.php(896): App\Controllers\Website->coba()
 3 SYSTEMPATH\CodeIgniter.php(466): CodeIgniter\CodeIgniter->runController(Object(App\Controllers\Website))
 4 SYSTEMPATH\CodeIgniter.php(349): CodeIgniter\CodeIgniter->handleRequest(null, Object(Config\Cache), false)
 5 FCPATH\index.php(55): CodeIgniter\CodeIgniter->run()
 6 SYSTEMPATH\Commands\Server\rewrite.php(43): require_once('FCPATH\\index.php')
CRITICAL - 2022-07-18 02:44:06 --> Undefined property: App\Controllers\Website::$uri
in APPPATH\Controllers\Website.php on line 106.
 1 APPPATH\Controllers\Website.php(106): CodeIgniter\Debug\Exceptions->errorHandler(2, 'Undefined property: App\\Controllers\\Website::$uri', 'APPPATH\\Controllers\\Website.php', 106)
 2 SYSTEMPATH\CodeIgniter.php(896): App\Controllers\Website->coba('1')
 3 SYSTEMPATH\CodeIgniter.php(466): CodeIgniter\CodeIgniter->runController(Object(App\Controllers\Website))
 4 SYSTEMPATH\CodeIgniter.php(349): CodeIgniter\CodeIgniter->handleRequest(null, Object(Config\Cache), false)
 5 FCPATH\index.php(55): CodeIgniter\CodeIgniter->run()
 6 SYSTEMPATH\Commands\Server\rewrite.php(43): require_once('FCPATH\\index.php')
ERROR - 2022-07-18 02:52:14 --> Unknown column 'a.id_type_product' in 'where clause'
CRITICAL - 2022-07-18 02:52:14 --> Unknown column 'a.id_type_product' in 'where clause'
in SYSTEMPATH\Database\MySQLi\Connection.php on line 292.
 1 SYSTEMPATH\Database\MySQLi\Connection.php(292): mysqli->query('SELECT a.*,b.`image` FROM product a LEFT JOIN product_image b ON a.`id`=b.`id_product` WHERE b.status=1 and a.id_type_product=1', 0)
 2 SYSTEMPATH\Database\BaseConnection.php(695): CodeIgniter\Database\MySQLi\Connection->execute('SELECT a.*,b.`image` FROM product a LEFT JOIN product_image b ON a.`id`=b.`id_product` WHERE b.status=1 and a.id_type_product=1')
 3 SYSTEMPATH\Database\BaseConnection.php(609): CodeIgniter\Database\BaseConnection->simpleQuery('SELECT a.*,b.`image` FROM product a LEFT JOIN product_image b ON a.`id`=b.`id_product` WHERE b.status=1 and a.id_type_product=1')
 4 APPPATH\Controllers\Website.php(107): CodeIgniter\Database\BaseConnection->query('SELECT a.*,b.`image` FROM product a LEFT JOIN product_image b ON a.`id`=b.`id_product` WHERE b.status=1 and a.id_type_product=1')
 5 SYSTEMPATH\CodeIgniter.php(896): App\Controllers\Website->filter_shop('1')
 6 SYSTEMPATH\CodeIgniter.php(466): CodeIgniter\CodeIgniter->runController(Object(App\Controllers\Website))
 7 SYSTEMPATH\CodeIgniter.php(349): CodeIgniter\CodeIgniter->handleRequest(null, Object(Config\Cache), false)
 8 FCPATH\index.php(55): CodeIgniter\CodeIgniter->run()
 9 SYSTEMPATH\Commands\Server\rewrite.php(43): require_once('FCPATH\\index.php')
CRITICAL - 2022-07-18 04:23:12 --> Undefined property: stdClass::$warna
in APPPATH\Views\website\product_detail.php on line 99.
 1 APPPATH\Views\website\product_detail.php(99): CodeIgniter\Debug\Exceptions->errorHandler(2, 'Undefined property: stdClass::$warna', 'APPPATH\\Views\\website\\product_detail.php', 99)
 2 SYSTEMPATH\View\View.php(213): include('APPPATH\\Views\\website\\product_detail.php')
 3 SYSTEMPATH\View\View.php(216): CodeIgniter\View\View->CodeIgniter\View\{closure}()
 4 SYSTEMPATH\Common.php(1135): CodeIgniter\View\View->render('website/product_detail', [], true)
 5 APPPATH\Controllers\Website.php(128): view('website/product_detail', [...])
 6 SYSTEMPATH\CodeIgniter.php(896): App\Controllers\Website->shop_detail()
 7 SYSTEMPATH\CodeIgniter.php(466): CodeIgniter\CodeIgniter->runController(Object(App\Controllers\Website))
 8 SYSTEMPATH\CodeIgniter.php(349): CodeIgniter\CodeIgniter->handleRequest(null, Object(Config\Cache), false)
 9 FCPATH\index.php(55): CodeIgniter\CodeIgniter->run()
10 SYSTEMPATH\Commands\Server\rewrite.php(43): require_once('FCPATH\\index.php')
