CRITICAL - 2022-07-16 00:44:03 --> syntax error, unexpected token ")", expecting ";"
in APPPATH\Views\website\index.php on line 427.
 1 SYSTEMPATH\View\View.php(216): CodeIgniter\View\View->CodeIgniter\View\{closure}()
 2 SYSTEMPATH\Common.php(1135): CodeIgniter\View\View->render('website/index', [], true)
 3 APPPATH\Controllers\Website.php(25): view('website/index', [...])
 4 SYSTEMPATH\CodeIgniter.php(896): App\Controllers\Website->index()
 5 SYSTEMPATH\CodeIgniter.php(466): CodeIgniter\CodeIgniter->runController(Object(App\Controllers\Website))
 6 SYSTEMPATH\CodeIgniter.php(349): CodeIgniter\CodeIgniter->handleRequest(null, Object(Config\Cache), false)
 7 FCPATH\index.php(55): CodeIgniter\CodeIgniter->run()
 8 SYSTEMPATH\Commands\Server\rewrite.php(43): require_once('FCPATH\\index.php')
CRITICAL - 2022-07-16 02:15:45 --> Undefined variable $feeds
in APPPATH\Views\website\index.php on line 426.
 1 APPPATH\Views\website\index.php(426): CodeIgniter\Debug\Exceptions->errorHandler(2, 'Undefined variable $feeds', 'APPPATH\\Views\\website\\index.php', 426)
 2 SYSTEMPATH\View\View.php(213): include('APPPATH\\Views\\website\\index.php')
 3 SYSTEMPATH\View\View.php(216): CodeIgniter\View\View->CodeIgniter\View\{closure}()
 4 SYSTEMPATH\Common.php(1135): CodeIgniter\View\View->render('website/index', [], true)
 5 APPPATH\Controllers\Website.php(25): view('website/index', [...])
 6 SYSTEMPATH\CodeIgniter.php(896): App\Controllers\Website->index()
 7 SYSTEMPATH\CodeIgniter.php(466): CodeIgniter\CodeIgniter->runController(Object(App\Controllers\Website))
 8 SYSTEMPATH\CodeIgniter.php(349): CodeIgniter\CodeIgniter->handleRequest(null, Object(Config\Cache), false)
 9 FCPATH\index.php(55): CodeIgniter\CodeIgniter->run()
10 SYSTEMPATH\Commands\Server\rewrite.php(43): require_once('FCPATH\\index.php')
ERROR - 2022-07-16 05:48:59 --> Table 'shop.iklan' doesn't exist
CRITICAL - 2022-07-16 05:48:59 --> Table 'shop.iklan' doesn't exist
in SYSTEMPATH\Database\MySQLi\Connection.php on line 292.
 1 SYSTEMPATH\Database\MySQLi\Connection.php(292): mysqli->query('SELECT * FROM iklan', 0)
 2 SYSTEMPATH\Database\BaseConnection.php(695): CodeIgniter\Database\MySQLi\Connection->execute('SELECT * FROM iklan')
 3 SYSTEMPATH\Database\BaseConnection.php(609): CodeIgniter\Database\BaseConnection->simpleQuery('SELECT * FROM iklan')
 4 APPPATH\Controllers\Manajemen_Iklan.php(21): CodeIgniter\Database\BaseConnection->query('SELECT * FROM iklan')
 5 SYSTEMPATH\CodeIgniter.php(896): App\Controllers\Manajemen_Iklan->index()
 6 SYSTEMPATH\CodeIgniter.php(466): CodeIgniter\CodeIgniter->runController(Object(App\Controllers\Manajemen_Iklan))
 7 SYSTEMPATH\CodeIgniter.php(349): CodeIgniter\CodeIgniter->handleRequest(null, Object(Config\Cache), false)
 8 FCPATH\index.php(55): CodeIgniter\CodeIgniter->run()
 9 SYSTEMPATH\Commands\Server\rewrite.php(43): require_once('FCPATH\\index.php')
CRITICAL - 2022-07-16 05:49:41 --> Undefined variable $subkategori2
in APPPATH\Views\manajemen_data_product.php on line 71.
 1 APPPATH\Views\manajemen_data_product.php(71): CodeIgniter\Debug\Exceptions->errorHandler(2, 'Undefined variable $subkategori2', 'APPPATH\\Views\\manajemen_data_product.php', 71)
 2 SYSTEMPATH\View\View.php(213): include('APPPATH\\Views\\manajemen_data_product.php')
 3 SYSTEMPATH\View\View.php(216): CodeIgniter\View\View->CodeIgniter\View\{closure}()
 4 SYSTEMPATH\Common.php(1135): CodeIgniter\View\View->render('manajemen_data_product', [], true)
 5 APPPATH\Controllers\Manajemen_Iklan.php(23): view('manajemen_data_product', [...])
 6 SYSTEMPATH\CodeIgniter.php(896): App\Controllers\Manajemen_Iklan->index()
 7 SYSTEMPATH\CodeIgniter.php(466): CodeIgniter\CodeIgniter->runController(Object(App\Controllers\Manajemen_Iklan))
 8 SYSTEMPATH\CodeIgniter.php(349): CodeIgniter\CodeIgniter->handleRequest(null, Object(Config\Cache), false)
 9 FCPATH\index.php(55): CodeIgniter\CodeIgniter->run()
10 SYSTEMPATH\Commands\Server\rewrite.php(43): require_once('FCPATH\\index.php')
CRITICAL - 2022-07-16 05:49:57 --> Undefined variable $id_product
in APPPATH\Views\manajemen_iklan.php on line 66.
 1 APPPATH\Views\manajemen_iklan.php(66): CodeIgniter\Debug\Exceptions->errorHandler(2, 'Undefined variable $id_product', 'APPPATH\\Views\\manajemen_iklan.php', 66)
 2 SYSTEMPATH\View\View.php(213): include('APPPATH\\Views\\manajemen_iklan.php')
 3 SYSTEMPATH\View\View.php(216): CodeIgniter\View\View->CodeIgniter\View\{closure}()
 4 SYSTEMPATH\Common.php(1135): CodeIgniter\View\View->render('manajemen_iklan', [], true)
 5 APPPATH\Controllers\Manajemen_Iklan.php(23): view('manajemen_iklan', [...])
 6 SYSTEMPATH\CodeIgniter.php(896): App\Controllers\Manajemen_Iklan->index()
 7 SYSTEMPATH\CodeIgniter.php(466): CodeIgniter\CodeIgniter->runController(Object(App\Controllers\Manajemen_Iklan))
 8 SYSTEMPATH\CodeIgniter.php(349): CodeIgniter\CodeIgniter->handleRequest(null, Object(Config\Cache), false)
 9 FCPATH\index.php(55): CodeIgniter\CodeIgniter->run()
10 SYSTEMPATH\Commands\Server\rewrite.php(43): require_once('FCPATH\\index.php')
CRITICAL - 2022-07-16 05:50:51 --> Undefined property: stdClass::$create_at
in APPPATH\Views\manajemen_iklan.php on line 96.
 1 APPPATH\Views\manajemen_iklan.php(96): CodeIgniter\Debug\Exceptions->errorHandler(2, 'Undefined property: stdClass::$create_at', 'APPPATH\\Views\\manajemen_iklan.php', 96)
 2 SYSTEMPATH\View\View.php(213): include('APPPATH\\Views\\manajemen_iklan.php')
 3 SYSTEMPATH\View\View.php(216): CodeIgniter\View\View->CodeIgniter\View\{closure}()
 4 SYSTEMPATH\Common.php(1135): CodeIgniter\View\View->render('manajemen_iklan', [], true)
 5 APPPATH\Controllers\Manajemen_Iklan.php(23): view('manajemen_iklan', [...])
 6 SYSTEMPATH\CodeIgniter.php(896): App\Controllers\Manajemen_Iklan->index()
 7 SYSTEMPATH\CodeIgniter.php(466): CodeIgniter\CodeIgniter->runController(Object(App\Controllers\Manajemen_Iklan))
 8 SYSTEMPATH\CodeIgniter.php(349): CodeIgniter\CodeIgniter->handleRequest(null, Object(Config\Cache), false)
 9 FCPATH\index.php(55): CodeIgniter\CodeIgniter->run()
10 SYSTEMPATH\Commands\Server\rewrite.php(43): require_once('FCPATH\\index.php')
CRITICAL - 2022-07-16 06:15:19 --> Undefined property: stdClass::$name_type
in APPPATH\Views\manajemen_iklan.php on line 82.
 1 APPPATH\Views\manajemen_iklan.php(82): CodeIgniter\Debug\Exceptions->errorHandler(2, 'Undefined property: stdClass::$name_type', 'APPPATH\\Views\\manajemen_iklan.php', 82)
 2 SYSTEMPATH\View\View.php(213): include('APPPATH\\Views\\manajemen_iklan.php')
 3 SYSTEMPATH\View\View.php(216): CodeIgniter\View\View->CodeIgniter\View\{closure}()
 4 SYSTEMPATH\Common.php(1135): CodeIgniter\View\View->render('manajemen_iklan', [], true)
 5 APPPATH\Controllers\Manajemen_Iklan.php(24): view('manajemen_iklan', [...])
 6 SYSTEMPATH\CodeIgniter.php(896): App\Controllers\Manajemen_Iklan->index()
 7 SYSTEMPATH\CodeIgniter.php(466): CodeIgniter\CodeIgniter->runController(Object(App\Controllers\Manajemen_Iklan))
 8 SYSTEMPATH\CodeIgniter.php(349): CodeIgniter\CodeIgniter->handleRequest(null, Object(Config\Cache), false)
 9 FCPATH\index.php(55): CodeIgniter\CodeIgniter->run()
10 SYSTEMPATH\Commands\Server\rewrite.php(43): require_once('FCPATH\\index.php')
CRITICAL - 2022-07-16 06:15:54 --> Unsupported operand types: string - string
in APPPATH\Views\manajemen_iklan.php on line 82.
 1 SYSTEMPATH\View\View.php(213): include()
 2 SYSTEMPATH\View\View.php(216): CodeIgniter\View\View->CodeIgniter\View\{closure}()
 3 SYSTEMPATH\Common.php(1135): CodeIgniter\View\View->render('manajemen_iklan', [], true)
 4 APPPATH\Controllers\Manajemen_Iklan.php(24): view('manajemen_iklan', [...])
 5 SYSTEMPATH\CodeIgniter.php(896): App\Controllers\Manajemen_Iklan->index()
 6 SYSTEMPATH\CodeIgniter.php(466): CodeIgniter\CodeIgniter->runController(Object(App\Controllers\Manajemen_Iklan))
 7 SYSTEMPATH\CodeIgniter.php(349): CodeIgniter\CodeIgniter->handleRequest(null, Object(Config\Cache), false)
 8 FCPATH\index.php(55): CodeIgniter\CodeIgniter->run()
 9 SYSTEMPATH\Commands\Server\rewrite.php(43): require_once('FCPATH\\index.php')
CRITICAL - 2022-07-16 06:20:43 --> delete_files(): Argument #2 ($delDir) must be of type bool, null given, called in C:\xampp\htdocs\shop\app\Controllers\Manajemen_Iklan.php on line 47
in SYSTEMPATH\Helpers\filesystem_helper.php on line 152.
 1 APPPATH\Controllers\Manajemen_Iklan.php(47): delete_files('FCPATH\\iklan', null)
 2 SYSTEMPATH\CodeIgniter.php(896): App\Controllers\Manajemen_Iklan->update()
 3 SYSTEMPATH\CodeIgniter.php(466): CodeIgniter\CodeIgniter->runController(Object(App\Controllers\Manajemen_Iklan))
 4 SYSTEMPATH\CodeIgniter.php(349): CodeIgniter\CodeIgniter->handleRequest(null, Object(Config\Cache), false)
 5 FCPATH\index.php(55): CodeIgniter\CodeIgniter->run()
 6 SYSTEMPATH\Commands\Server\rewrite.php(43): require_once('FCPATH\\index.php')
CRITICAL - 2022-07-16 06:21:04 --> delete_files(): Argument #2 ($delDir) must be of type bool, null given, called in C:\xampp\htdocs\shop\app\Controllers\Manajemen_Iklan.php on line 47
in SYSTEMPATH\Helpers\filesystem_helper.php on line 152.
 1 APPPATH\Controllers\Manajemen_Iklan.php(47): delete_files('FCPATH\\iklan', null)
 2 SYSTEMPATH\CodeIgniter.php(896): App\Controllers\Manajemen_Iklan->update()
 3 SYSTEMPATH\CodeIgniter.php(466): CodeIgniter\CodeIgniter->runController(Object(App\Controllers\Manajemen_Iklan))
 4 SYSTEMPATH\CodeIgniter.php(349): CodeIgniter\CodeIgniter->handleRequest(null, Object(Config\Cache), false)
 5 FCPATH\index.php(55): CodeIgniter\CodeIgniter->run()
 6 SYSTEMPATH\Commands\Server\rewrite.php(43): require_once('FCPATH\\index.php')
CRITICAL - 2022-07-16 07:50:46 --> Undefined array key 0
in APPPATH\Controllers\Manajemen_Iklan.php on line 51.
 1 APPPATH\Controllers\Manajemen_Iklan.php(51): CodeIgniter\Debug\Exceptions->errorHandler(2, 'Undefined array key 0', 'APPPATH\\Controllers\\Manajemen_Iklan.php', 51)
 2 SYSTEMPATH\CodeIgniter.php(896): App\Controllers\Manajemen_Iklan->update()
 3 SYSTEMPATH\CodeIgniter.php(466): CodeIgniter\CodeIgniter->runController(Object(App\Controllers\Manajemen_Iklan))
 4 SYSTEMPATH\CodeIgniter.php(349): CodeIgniter\CodeIgniter->handleRequest(null, Object(Config\Cache), false)
 5 FCPATH\index.php(55): CodeIgniter\CodeIgniter->run()
 6 SYSTEMPATH\Commands\Server\rewrite.php(43): require_once('FCPATH\\index.php')
CRITICAL - 2022-07-16 08:06:00 --> Undefined variable $iklan_link
in APPPATH\Views\website\index.php on line 289.
 1 APPPATH\Views\website\index.php(289): CodeIgniter\Debug\Exceptions->errorHandler(2, 'Undefined variable $iklan_link', 'APPPATH\\Views\\website\\index.php', 289)
 2 SYSTEMPATH\View\View.php(213): include('APPPATH\\Views\\website\\index.php')
 3 SYSTEMPATH\View\View.php(216): CodeIgniter\View\View->CodeIgniter\View\{closure}()
 4 SYSTEMPATH\Common.php(1135): CodeIgniter\View\View->render('website/index', [], true)
 5 APPPATH\Controllers\Website.php(28): view('website/index', [...])
 6 SYSTEMPATH\CodeIgniter.php(896): App\Controllers\Website->index()
 7 SYSTEMPATH\CodeIgniter.php(466): CodeIgniter\CodeIgniter->runController(Object(App\Controllers\Website))
 8 SYSTEMPATH\CodeIgniter.php(349): CodeIgniter\CodeIgniter->handleRequest(null, Object(Config\Cache), false)
 9 FCPATH\index.php(55): CodeIgniter\CodeIgniter->run()
10 SYSTEMPATH\Commands\Server\rewrite.php(43): require_once('FCPATH\\index.php')
CRITICAL - 2022-07-16 08:32:50 --> Undefined property: stdClass::$create_at
in APPPATH\Views\manajemen_banner.php on line 94.
 1 APPPATH\Views\manajemen_banner.php(94): CodeIgniter\Debug\Exceptions->errorHandler(2, 'Undefined property: stdClass::$create_at', 'APPPATH\\Views\\manajemen_banner.php', 94)
 2 SYSTEMPATH\View\View.php(213): include('APPPATH\\Views\\manajemen_banner.php')
 3 SYSTEMPATH\View\View.php(216): CodeIgniter\View\View->CodeIgniter\View\{closure}()
 4 SYSTEMPATH\Common.php(1135): CodeIgniter\View\View->render('manajemen_banner', [], true)
 5 APPPATH\Controllers\Manajemen_Banner.php(23): view('manajemen_banner', [...])
 6 SYSTEMPATH\CodeIgniter.php(896): App\Controllers\Manajemen_Banner->index()
 7 SYSTEMPATH\CodeIgniter.php(466): CodeIgniter\CodeIgniter->runController(Object(App\Controllers\Manajemen_Banner))
 8 SYSTEMPATH\CodeIgniter.php(349): CodeIgniter\CodeIgniter->handleRequest(null, Object(Config\Cache), false)
 9 FCPATH\index.php(55): CodeIgniter\CodeIgniter->run()
10 SYSTEMPATH\Commands\Server\rewrite.php(43): require_once('FCPATH\\index.php')
CRITICAL - 2022-07-16 08:45:27 --> Undefined array key "image_banner"
in APPPATH\Controllers\Manajemen_Banner.php on line 51.
 1 APPPATH\Controllers\Manajemen_Banner.php(51): CodeIgniter\Debug\Exceptions->errorHandler(2, 'Undefined array key "image_banner"', 'APPPATH\\Controllers\\Manajemen_Banner.php', 51)
 2 SYSTEMPATH\CodeIgniter.php(896): App\Controllers\Manajemen_Banner->update()
 3 SYSTEMPATH\CodeIgniter.php(466): CodeIgniter\CodeIgniter->runController(Object(App\Controllers\Manajemen_Banner))
 4 SYSTEMPATH\CodeIgniter.php(349): CodeIgniter\CodeIgniter->handleRequest(null, Object(Config\Cache), false)
 5 FCPATH\index.php(55): CodeIgniter\CodeIgniter->run()
 6 SYSTEMPATH\Commands\Server\rewrite.php(43): require_once('FCPATH\\index.php')
CRITICAL - 2022-07-16 08:55:33 --> Undefined variable $jumlah_banner
in APPPATH\Views\website\index.php on line 31.
 1 APPPATH\Views\website\index.php(31): CodeIgniter\Debug\Exceptions->errorHandler(2, 'Undefined variable $jumlah_banner', 'APPPATH\\Views\\website\\index.php', 31)
 2 SYSTEMPATH\View\View.php(213): include('APPPATH\\Views\\website\\index.php')
 3 SYSTEMPATH\View\View.php(216): CodeIgniter\View\View->CodeIgniter\View\{closure}()
 4 SYSTEMPATH\Common.php(1135): CodeIgniter\View\View->render('website/index', [], true)
 5 APPPATH\Controllers\Website.php(30): view('website/index', [...])
 6 SYSTEMPATH\CodeIgniter.php(896): App\Controllers\Website->index()
 7 SYSTEMPATH\CodeIgniter.php(466): CodeIgniter\CodeIgniter->runController(Object(App\Controllers\Website))
 8 SYSTEMPATH\CodeIgniter.php(349): CodeIgniter\CodeIgniter->handleRequest(null, Object(Config\Cache), false)
 9 FCPATH\index.php(55): CodeIgniter\CodeIgniter->run()
10 SYSTEMPATH\Commands\Server\rewrite.php(43): require_once('FCPATH\\index.php')
CRITICAL - 2022-07-16 08:55:50 --> Array to string conversion
in APPPATH\Views\website\index.php on line 31.
 1 APPPATH\Views\website\index.php(31): CodeIgniter\Debug\Exceptions->errorHandler(2, 'Array to string conversion', 'APPPATH\\Views\\website\\index.php', 31)
 2 SYSTEMPATH\View\View.php(213): include('APPPATH\\Views\\website\\index.php')
 3 SYSTEMPATH\View\View.php(216): CodeIgniter\View\View->CodeIgniter\View\{closure}()
 4 SYSTEMPATH\Common.php(1135): CodeIgniter\View\View->render('website/index', [], true)
 5 APPPATH\Controllers\Website.php(30): view('website/index', [...])
 6 SYSTEMPATH\CodeIgniter.php(896): App\Controllers\Website->index()
 7 SYSTEMPATH\CodeIgniter.php(466): CodeIgniter\CodeIgniter->runController(Object(App\Controllers\Website))
 8 SYSTEMPATH\CodeIgniter.php(349): CodeIgniter\CodeIgniter->handleRequest(null, Object(Config\Cache), false)
 9 FCPATH\index.php(55): CodeIgniter\CodeIgniter->run()
10 SYSTEMPATH\Commands\Server\rewrite.php(43): require_once('FCPATH\\index.php')
CRITICAL - 2022-07-16 13:43:56 --> Undefined array key "image_banner"
in APPPATH\Controllers\Manajemen_Banner.php on line 28.
 1 APPPATH\Controllers\Manajemen_Banner.php(28): CodeIgniter\Debug\Exceptions->errorHandler(2, 'Undefined array key "image_banner"', 'APPPATH\\Controllers\\Manajemen_Banner.php', 28)
 2 SYSTEMPATH\CodeIgniter.php(896): App\Controllers\Manajemen_Banner->add()
 3 SYSTEMPATH\CodeIgniter.php(466): CodeIgniter\CodeIgniter->runController(Object(App\Controllers\Manajemen_Banner))
 4 SYSTEMPATH\CodeIgniter.php(349): CodeIgniter\CodeIgniter->handleRequest(null, Object(Config\Cache), false)
 5 FCPATH\index.php(55): CodeIgniter\CodeIgniter->run()
 6 SYSTEMPATH\Commands\Server\rewrite.php(43): require_once('FCPATH\\index.php')
CRITICAL - 2022-07-16 14:51:20 --> unlink(): Argument #2 ($context) must be of type resource or null, string given
in APPPATH\Controllers\Manajemen_Promo.php on line 79.
 1 APPPATH\Controllers\Manajemen_Promo.php(79): unlink('FCPATH\\promo', 'asda - 2022-07-16 02.49.45pm - 1.jpg')
 2 SYSTEMPATH\CodeIgniter.php(896): App\Controllers\Manajemen_Promo->delete()
 3 SYSTEMPATH\CodeIgniter.php(466): CodeIgniter\CodeIgniter->runController(Object(App\Controllers\Manajemen_Promo))
 4 SYSTEMPATH\CodeIgniter.php(349): CodeIgniter\CodeIgniter->handleRequest(null, Object(Config\Cache), false)
 5 FCPATH\index.php(55): CodeIgniter\CodeIgniter->run()
 6 SYSTEMPATH\Commands\Server\rewrite.php(43): require_once('FCPATH\\index.php')
CRITICAL - 2022-07-16 15:02:29 --> Undefined property: stdClass::$status
in APPPATH\Views\manajemen_promo.php on line 105.
 1 APPPATH\Views\manajemen_promo.php(105): CodeIgniter\Debug\Exceptions->errorHandler(2, 'Undefined property: stdClass::$status', 'APPPATH\\Views\\manajemen_promo.php', 105)
 2 SYSTEMPATH\View\View.php(213): include('APPPATH\\Views\\manajemen_promo.php')
 3 SYSTEMPATH\View\View.php(216): CodeIgniter\View\View->CodeIgniter\View\{closure}()
 4 SYSTEMPATH\Common.php(1135): CodeIgniter\View\View->render('manajemen_promo', [], true)
 5 APPPATH\Controllers\Manajemen_Promo.php(23): view('manajemen_promo', [...])
 6 SYSTEMPATH\CodeIgniter.php(896): App\Controllers\Manajemen_Promo->index()
 7 SYSTEMPATH\CodeIgniter.php(466): CodeIgniter\CodeIgniter->runController(Object(App\Controllers\Manajemen_Promo))
 8 SYSTEMPATH\CodeIgniter.php(349): CodeIgniter\CodeIgniter->handleRequest(null, Object(Config\Cache), false)
 9 FCPATH\index.php(55): CodeIgniter\CodeIgniter->run()
10 SYSTEMPATH\Commands\Server\rewrite.php(43): require_once('FCPATH\\index.php')
CRITICAL - 2022-07-16 15:04:00 --> Undefined property: stdClass::$status
in APPPATH\Views\manajemen_promo.php on line 105.
 1 APPPATH\Views\manajemen_promo.php(105): CodeIgniter\Debug\Exceptions->errorHandler(2, 'Undefined property: stdClass::$status', 'APPPATH\\Views\\manajemen_promo.php', 105)
 2 SYSTEMPATH\View\View.php(213): include('APPPATH\\Views\\manajemen_promo.php')
 3 SYSTEMPATH\View\View.php(216): CodeIgniter\View\View->CodeIgniter\View\{closure}()
 4 SYSTEMPATH\Common.php(1135): CodeIgniter\View\View->render('manajemen_promo', [], true)
 5 APPPATH\Controllers\Manajemen_Promo.php(23): view('manajemen_promo', [...])
 6 SYSTEMPATH\CodeIgniter.php(896): App\Controllers\Manajemen_Promo->index()
 7 SYSTEMPATH\CodeIgniter.php(466): CodeIgniter\CodeIgniter->runController(Object(App\Controllers\Manajemen_Promo))
 8 SYSTEMPATH\CodeIgniter.php(349): CodeIgniter\CodeIgniter->handleRequest(null, Object(Config\Cache), false)
 9 FCPATH\index.php(55): CodeIgniter\CodeIgniter->run()
10 SYSTEMPATH\Commands\Server\rewrite.php(43): require_once('FCPATH\\index.php')
CRITICAL - 2022-07-16 15:04:01 --> Undefined property: stdClass::$status
in APPPATH\Views\manajemen_promo.php on line 105.
 1 APPPATH\Views\manajemen_promo.php(105): CodeIgniter\Debug\Exceptions->errorHandler(2, 'Undefined property: stdClass::$status', 'APPPATH\\Views\\manajemen_promo.php', 105)
 2 SYSTEMPATH\View\View.php(213): include('APPPATH\\Views\\manajemen_promo.php')
 3 SYSTEMPATH\View\View.php(216): CodeIgniter\View\View->CodeIgniter\View\{closure}()
 4 SYSTEMPATH\Common.php(1135): CodeIgniter\View\View->render('manajemen_promo', [], true)
 5 APPPATH\Controllers\Manajemen_Promo.php(23): view('manajemen_promo', [...])
 6 SYSTEMPATH\CodeIgniter.php(896): App\Controllers\Manajemen_Promo->index()
 7 SYSTEMPATH\CodeIgniter.php(466): CodeIgniter\CodeIgniter->runController(Object(App\Controllers\Manajemen_Promo))
 8 SYSTEMPATH\CodeIgniter.php(349): CodeIgniter\CodeIgniter->handleRequest(null, Object(Config\Cache), false)
 9 FCPATH\index.php(55): CodeIgniter\CodeIgniter->run()
10 SYSTEMPATH\Commands\Server\rewrite.php(43): require_once('FCPATH\\index.php')
CRITICAL - 2022-07-16 15:06:33 --> Undefined property: stdClass::$status
in APPPATH\Views\manajemen_promo.php on line 105.
 1 APPPATH\Views\manajemen_promo.php(105): CodeIgniter\Debug\Exceptions->errorHandler(2, 'Undefined property: stdClass::$status', 'APPPATH\\Views\\manajemen_promo.php', 105)
 2 SYSTEMPATH\View\View.php(213): include('APPPATH\\Views\\manajemen_promo.php')
 3 SYSTEMPATH\View\View.php(216): CodeIgniter\View\View->CodeIgniter\View\{closure}()
 4 SYSTEMPATH\Common.php(1135): CodeIgniter\View\View->render('manajemen_promo', [], true)
 5 APPPATH\Controllers\Manajemen_Promo.php(23): view('manajemen_promo', [...])
 6 SYSTEMPATH\CodeIgniter.php(896): App\Controllers\Manajemen_Promo->index()
 7 SYSTEMPATH\CodeIgniter.php(466): CodeIgniter\CodeIgniter->runController(Object(App\Controllers\Manajemen_Promo))
 8 SYSTEMPATH\CodeIgniter.php(349): CodeIgniter\CodeIgniter->handleRequest(null, Object(Config\Cache), false)
 9 FCPATH\index.php(55): CodeIgniter\CodeIgniter->run()
10 SYSTEMPATH\Commands\Server\rewrite.php(43): require_once('FCPATH\\index.php')
CRITICAL - 2022-07-16 15:07:09 --> Undefined property: stdClass::$status
in APPPATH\Views\manajemen_promo.php on line 105.
 1 APPPATH\Views\manajemen_promo.php(105): CodeIgniter\Debug\Exceptions->errorHandler(2, 'Undefined property: stdClass::$status', 'APPPATH\\Views\\manajemen_promo.php', 105)
 2 SYSTEMPATH\View\View.php(213): include('APPPATH\\Views\\manajemen_promo.php')
 3 SYSTEMPATH\View\View.php(216): CodeIgniter\View\View->CodeIgniter\View\{closure}()
 4 SYSTEMPATH\Common.php(1135): CodeIgniter\View\View->render('manajemen_promo', [], true)
 5 APPPATH\Controllers\Manajemen_Promo.php(23): view('manajemen_promo', [...])
 6 SYSTEMPATH\CodeIgniter.php(896): App\Controllers\Manajemen_Promo->index()
 7 SYSTEMPATH\CodeIgniter.php(466): CodeIgniter\CodeIgniter->runController(Object(App\Controllers\Manajemen_Promo))
 8 SYSTEMPATH\CodeIgniter.php(349): CodeIgniter\CodeIgniter->handleRequest(null, Object(Config\Cache), false)
 9 FCPATH\index.php(55): CodeIgniter\CodeIgniter->run()
10 SYSTEMPATH\Commands\Server\rewrite.php(43): require_once('FCPATH\\index.php')
CRITICAL - 2022-07-16 15:07:10 --> Undefined property: stdClass::$status
in APPPATH\Views\manajemen_promo.php on line 105.
 1 APPPATH\Views\manajemen_promo.php(105): CodeIgniter\Debug\Exceptions->errorHandler(2, 'Undefined property: stdClass::$status', 'APPPATH\\Views\\manajemen_promo.php', 105)
 2 SYSTEMPATH\View\View.php(213): include('APPPATH\\Views\\manajemen_promo.php')
 3 SYSTEMPATH\View\View.php(216): CodeIgniter\View\View->CodeIgniter\View\{closure}()
 4 SYSTEMPATH\Common.php(1135): CodeIgniter\View\View->render('manajemen_promo', [], true)
 5 APPPATH\Controllers\Manajemen_Promo.php(23): view('manajemen_promo', [...])
 6 SYSTEMPATH\CodeIgniter.php(896): App\Controllers\Manajemen_Promo->index()
 7 SYSTEMPATH\CodeIgniter.php(466): CodeIgniter\CodeIgniter->runController(Object(App\Controllers\Manajemen_Promo))
 8 SYSTEMPATH\CodeIgniter.php(349): CodeIgniter\CodeIgniter->handleRequest(null, Object(Config\Cache), false)
 9 FCPATH\index.php(55): CodeIgniter\CodeIgniter->run()
10 SYSTEMPATH\Commands\Server\rewrite.php(43): require_once('FCPATH\\index.php')
CRITICAL - 2022-07-16 23:14:58 --> Undefined property: CodeIgniter\View\View::$db
in VENDORPATH\myth\auth\src\Views\login.php on line 14.
 1 VENDORPATH\myth\auth\src\Views\login.php(14): CodeIgniter\Debug\Exceptions->errorHandler(2, 'Undefined property: CodeIgniter\\View\\View::$db', 'VENDORPATH\\myth\\auth\\src\\Views\\login.php', 14)
 2 SYSTEMPATH\View\View.php(213): include('VENDORPATH\\myth\\auth\\src\\Views\\login.php')
 3 SYSTEMPATH\View\View.php(216): CodeIgniter\View\View->CodeIgniter\View\{closure}()
 4 SYSTEMPATH\Common.php(1135): CodeIgniter\View\View->render('Myth\\Auth\\Views\\login', [], true)
 5 VENDORPATH\myth\auth\src\Controllers\AuthController.php(429): view('Myth\\Auth\\Views\\login', [...])
 6 VENDORPATH\myth\auth\src\Controllers\AuthController.php(57): Myth\Auth\Controllers\AuthController->_render('Myth\\Auth\\Views\\login', [...])
 7 SYSTEMPATH\CodeIgniter.php(896): Myth\Auth\Controllers\AuthController->login()
 8 SYSTEMPATH\CodeIgniter.php(466): CodeIgniter\CodeIgniter->runController(Object(Myth\Auth\Controllers\AuthController))
 9 SYSTEMPATH\CodeIgniter.php(349): CodeIgniter\CodeIgniter->handleRequest(null, Object(Config\Cache), false)
10 FCPATH\index.php(55): CodeIgniter\CodeIgniter->run()
11 SYSTEMPATH\Commands\Server\rewrite.php(43): require_once('FCPATH\\index.php')
CRITICAL - 2022-07-16 23:19:37 --> mysqli_connect(): (HY000/1049): Unknown database 'akademik'
in VENDORPATH\myth\auth\src\Views\login.php on line 2.
 1 [internal function]: CodeIgniter\Debug\Exceptions->errorHandler(2, 'mysqli_connect(): (HY000/1049): Unknown database \'akademik\'', 'VENDORPATH\\myth\\auth\\src\\Views\\login.php', 2)
 2 VENDORPATH\myth\auth\src\Views\login.php(2): mysqli_connect('localhost', 'root', 'ROOTPATH\\public', 'akademik')
 3 SYSTEMPATH\View\View.php(213): include('VENDORPATH\\myth\\auth\\src\\Views\\login.php')
 4 SYSTEMPATH\View\View.php(216): CodeIgniter\View\View->CodeIgniter\View\{closure}()
 5 SYSTEMPATH\Common.php(1135): CodeIgniter\View\View->render('Myth\\Auth\\Views\\login', [], true)
 6 VENDORPATH\myth\auth\src\Controllers\AuthController.php(429): view('Myth\\Auth\\Views\\login', [...])
 7 VENDORPATH\myth\auth\src\Controllers\AuthController.php(57): Myth\Auth\Controllers\AuthController->_render('Myth\\Auth\\Views\\login', [...])
 8 SYSTEMPATH\CodeIgniter.php(896): Myth\Auth\Controllers\AuthController->login()
 9 SYSTEMPATH\CodeIgniter.php(466): CodeIgniter\CodeIgniter->runController(Object(Myth\Auth\Controllers\AuthController))
10 SYSTEMPATH\CodeIgniter.php(349): CodeIgniter\CodeIgniter->handleRequest(null, Object(Config\Cache), false)
11 FCPATH\index.php(55): CodeIgniter\CodeIgniter->run()
12 SYSTEMPATH\Commands\Server\rewrite.php(43): require_once('FCPATH\\index.php')
CRITICAL - 2022-07-16 23:19:50 --> Cannot access offset of type string on string
in VENDORPATH\myth\auth\src\Views\login.php on line 20.
 1 SYSTEMPATH\View\View.php(213): include()
 2 SYSTEMPATH\View\View.php(216): CodeIgniter\View\View->CodeIgniter\View\{closure}()
 3 SYSTEMPATH\Common.php(1135): CodeIgniter\View\View->render('Myth\\Auth\\Views\\login', [], true)
 4 VENDORPATH\myth\auth\src\Controllers\AuthController.php(429): view('Myth\\Auth\\Views\\login', [...])
 5 VENDORPATH\myth\auth\src\Controllers\AuthController.php(57): Myth\Auth\Controllers\AuthController->_render('Myth\\Auth\\Views\\login', [...])
 6 SYSTEMPATH\CodeIgniter.php(896): Myth\Auth\Controllers\AuthController->login()
 7 SYSTEMPATH\CodeIgniter.php(466): CodeIgniter\CodeIgniter->runController(Object(Myth\Auth\Controllers\AuthController))
 8 SYSTEMPATH\CodeIgniter.php(349): CodeIgniter\CodeIgniter->handleRequest(null, Object(Config\Cache), false)
 9 FCPATH\index.php(55): CodeIgniter\CodeIgniter->run()
10 SYSTEMPATH\Commands\Server\rewrite.php(43): require_once('FCPATH\\index.php')
CRITICAL - 2022-07-16 23:19:57 --> Cannot access offset of type string on string
in VENDORPATH\myth\auth\src\Views\login.php on line 20.
 1 SYSTEMPATH\View\View.php(213): include()
 2 SYSTEMPATH\View\View.php(216): CodeIgniter\View\View->CodeIgniter\View\{closure}()
 3 SYSTEMPATH\Common.php(1135): CodeIgniter\View\View->render('Myth\\Auth\\Views\\login', [], true)
 4 VENDORPATH\myth\auth\src\Controllers\AuthController.php(429): view('Myth\\Auth\\Views\\login', [...])
 5 VENDORPATH\myth\auth\src\Controllers\AuthController.php(57): Myth\Auth\Controllers\AuthController->_render('Myth\\Auth\\Views\\login', [...])
 6 SYSTEMPATH\CodeIgniter.php(896): Myth\Auth\Controllers\AuthController->login()
 7 SYSTEMPATH\CodeIgniter.php(466): CodeIgniter\CodeIgniter->runController(Object(Myth\Auth\Controllers\AuthController))
 8 SYSTEMPATH\CodeIgniter.php(349): CodeIgniter\CodeIgniter->handleRequest(null, Object(Config\Cache), false)
 9 FCPATH\index.php(55): CodeIgniter\CodeIgniter->run()
10 SYSTEMPATH\Commands\Server\rewrite.php(43): require_once('FCPATH\\index.php')
CRITICAL - 2022-07-16 23:20:17 --> Cannot access offset of type string on string
in VENDORPATH\myth\auth\src\Views\login.php on line 21.
 1 SYSTEMPATH\View\View.php(213): include()
 2 SYSTEMPATH\View\View.php(216): CodeIgniter\View\View->CodeIgniter\View\{closure}()
 3 SYSTEMPATH\Common.php(1135): CodeIgniter\View\View->render('Myth\\Auth\\Views\\login', [], true)
 4 VENDORPATH\myth\auth\src\Controllers\AuthController.php(429): view('Myth\\Auth\\Views\\login', [...])
 5 VENDORPATH\myth\auth\src\Controllers\AuthController.php(57): Myth\Auth\Controllers\AuthController->_render('Myth\\Auth\\Views\\login', [...])
 6 SYSTEMPATH\CodeIgniter.php(896): Myth\Auth\Controllers\AuthController->login()
 7 SYSTEMPATH\CodeIgniter.php(466): CodeIgniter\CodeIgniter->runController(Object(Myth\Auth\Controllers\AuthController))
 8 SYSTEMPATH\CodeIgniter.php(349): CodeIgniter\CodeIgniter->handleRequest(null, Object(Config\Cache), false)
 9 FCPATH\index.php(55): CodeIgniter\CodeIgniter->run()
10 SYSTEMPATH\Commands\Server\rewrite.php(43): require_once('FCPATH\\index.php')
CRITICAL - 2022-07-16 23:20:18 --> Cannot access offset of type string on string
in VENDORPATH\myth\auth\src\Views\login.php on line 21.
 1 SYSTEMPATH\View\View.php(213): include()
 2 SYSTEMPATH\View\View.php(216): CodeIgniter\View\View->CodeIgniter\View\{closure}()
 3 SYSTEMPATH\Common.php(1135): CodeIgniter\View\View->render('Myth\\Auth\\Views\\login', [], true)
 4 VENDORPATH\myth\auth\src\Controllers\AuthController.php(429): view('Myth\\Auth\\Views\\login', [...])
 5 VENDORPATH\myth\auth\src\Controllers\AuthController.php(57): Myth\Auth\Controllers\AuthController->_render('Myth\\Auth\\Views\\login', [...])
 6 SYSTEMPATH\CodeIgniter.php(896): Myth\Auth\Controllers\AuthController->login()
 7 SYSTEMPATH\CodeIgniter.php(466): CodeIgniter\CodeIgniter->runController(Object(Myth\Auth\Controllers\AuthController))
 8 SYSTEMPATH\CodeIgniter.php(349): CodeIgniter\CodeIgniter->handleRequest(null, Object(Config\Cache), false)
 9 FCPATH\index.php(55): CodeIgniter\CodeIgniter->run()
10 SYSTEMPATH\Commands\Server\rewrite.php(43): require_once('FCPATH\\index.php')
CRITICAL - 2022-07-16 23:20:35 --> Cannot access offset of type string on string
in VENDORPATH\myth\auth\src\Views\login.php on line 21.
 1 SYSTEMPATH\View\View.php(213): include()
 2 SYSTEMPATH\View\View.php(216): CodeIgniter\View\View->CodeIgniter\View\{closure}()
 3 SYSTEMPATH\Common.php(1135): CodeIgniter\View\View->render('Myth\\Auth\\Views\\login', [], true)
 4 VENDORPATH\myth\auth\src\Controllers\AuthController.php(429): view('Myth\\Auth\\Views\\login', [...])
 5 VENDORPATH\myth\auth\src\Controllers\AuthController.php(57): Myth\Auth\Controllers\AuthController->_render('Myth\\Auth\\Views\\login', [...])
 6 SYSTEMPATH\CodeIgniter.php(896): Myth\Auth\Controllers\AuthController->login()
 7 SYSTEMPATH\CodeIgniter.php(466): CodeIgniter\CodeIgniter->runController(Object(Myth\Auth\Controllers\AuthController))
 8 SYSTEMPATH\CodeIgniter.php(349): CodeIgniter\CodeIgniter->handleRequest(null, Object(Config\Cache), false)
 9 FCPATH\index.php(55): CodeIgniter\CodeIgniter->run()
10 SYSTEMPATH\Commands\Server\rewrite.php(43): require_once('FCPATH\\index.php')
CRITICAL - 2022-07-16 23:20:36 --> Cannot access offset of type string on string
in VENDORPATH\myth\auth\src\Views\login.php on line 21.
 1 SYSTEMPATH\View\View.php(213): include()
 2 SYSTEMPATH\View\View.php(216): CodeIgniter\View\View->CodeIgniter\View\{closure}()
 3 SYSTEMPATH\Common.php(1135): CodeIgniter\View\View->render('Myth\\Auth\\Views\\login', [], true)
 4 VENDORPATH\myth\auth\src\Controllers\AuthController.php(429): view('Myth\\Auth\\Views\\login', [...])
 5 VENDORPATH\myth\auth\src\Controllers\AuthController.php(57): Myth\Auth\Controllers\AuthController->_render('Myth\\Auth\\Views\\login', [...])
 6 SYSTEMPATH\CodeIgniter.php(896): Myth\Auth\Controllers\AuthController->login()
 7 SYSTEMPATH\CodeIgniter.php(466): CodeIgniter\CodeIgniter->runController(Object(Myth\Auth\Controllers\AuthController))
 8 SYSTEMPATH\CodeIgniter.php(349): CodeIgniter\CodeIgniter->handleRequest(null, Object(Config\Cache), false)
 9 FCPATH\index.php(55): CodeIgniter\CodeIgniter->run()
10 SYSTEMPATH\Commands\Server\rewrite.php(43): require_once('FCPATH\\index.php')
CRITICAL - 2022-07-16 23:20:36 --> Cannot access offset of type string on string
in VENDORPATH\myth\auth\src\Views\login.php on line 21.
 1 SYSTEMPATH\View\View.php(213): include()
 2 SYSTEMPATH\View\View.php(216): CodeIgniter\View\View->CodeIgniter\View\{closure}()
 3 SYSTEMPATH\Common.php(1135): CodeIgniter\View\View->render('Myth\\Auth\\Views\\login', [], true)
 4 VENDORPATH\myth\auth\src\Controllers\AuthController.php(429): view('Myth\\Auth\\Views\\login', [...])
 5 VENDORPATH\myth\auth\src\Controllers\AuthController.php(57): Myth\Auth\Controllers\AuthController->_render('Myth\\Auth\\Views\\login', [...])
 6 SYSTEMPATH\CodeIgniter.php(896): Myth\Auth\Controllers\AuthController->login()
 7 SYSTEMPATH\CodeIgniter.php(466): CodeIgniter\CodeIgniter->runController(Object(Myth\Auth\Controllers\AuthController))
 8 SYSTEMPATH\CodeIgniter.php(349): CodeIgniter\CodeIgniter->handleRequest(null, Object(Config\Cache), false)
 9 FCPATH\index.php(55): CodeIgniter\CodeIgniter->run()
10 SYSTEMPATH\Commands\Server\rewrite.php(43): require_once('FCPATH\\index.php')
CRITICAL - 2022-07-16 23:21:57 --> Trying to access array offset on value of type null
in VENDORPATH\myth\auth\src\Views\login.php on line 22.
 1 VENDORPATH\myth\auth\src\Views\login.php(22): CodeIgniter\Debug\Exceptions->errorHandler(2, 'Trying to access array offset on value of type null', 'VENDORPATH\\myth\\auth\\src\\Views\\login.php', 22)
 2 SYSTEMPATH\View\View.php(213): include('VENDORPATH\\myth\\auth\\src\\Views\\login.php')
 3 SYSTEMPATH\View\View.php(216): CodeIgniter\View\View->CodeIgniter\View\{closure}()
 4 SYSTEMPATH\Common.php(1135): CodeIgniter\View\View->render('Myth\\Auth\\Views\\login', [], true)
 5 VENDORPATH\myth\auth\src\Controllers\AuthController.php(429): view('Myth\\Auth\\Views\\login', [...])
 6 VENDORPATH\myth\auth\src\Controllers\AuthController.php(57): Myth\Auth\Controllers\AuthController->_render('Myth\\Auth\\Views\\login', [...])
 7 SYSTEMPATH\CodeIgniter.php(896): Myth\Auth\Controllers\AuthController->login()
 8 SYSTEMPATH\CodeIgniter.php(466): CodeIgniter\CodeIgniter->runController(Object(Myth\Auth\Controllers\AuthController))
 9 SYSTEMPATH\CodeIgniter.php(349): CodeIgniter\CodeIgniter->handleRequest(null, Object(Config\Cache), false)
10 FCPATH\index.php(55): CodeIgniter\CodeIgniter->run()
11 SYSTEMPATH\Commands\Server\rewrite.php(43): require_once('FCPATH\\index.php')
CRITICAL - 2022-07-16 23:22:08 --> Trying to access array offset on value of type null
in VENDORPATH\myth\auth\src\Views\login.php on line 22.
 1 VENDORPATH\myth\auth\src\Views\login.php(22): CodeIgniter\Debug\Exceptions->errorHandler(2, 'Trying to access array offset on value of type null', 'VENDORPATH\\myth\\auth\\src\\Views\\login.php', 22)
 2 SYSTEMPATH\View\View.php(213): include('VENDORPATH\\myth\\auth\\src\\Views\\login.php')
 3 SYSTEMPATH\View\View.php(216): CodeIgniter\View\View->CodeIgniter\View\{closure}()
 4 SYSTEMPATH\Common.php(1135): CodeIgniter\View\View->render('Myth\\Auth\\Views\\login', [], true)
 5 VENDORPATH\myth\auth\src\Controllers\AuthController.php(429): view('Myth\\Auth\\Views\\login', [...])
 6 VENDORPATH\myth\auth\src\Controllers\AuthController.php(57): Myth\Auth\Controllers\AuthController->_render('Myth\\Auth\\Views\\login', [...])
 7 SYSTEMPATH\CodeIgniter.php(896): Myth\Auth\Controllers\AuthController->login()
 8 SYSTEMPATH\CodeIgniter.php(466): CodeIgniter\CodeIgniter->runController(Object(Myth\Auth\Controllers\AuthController))
 9 SYSTEMPATH\CodeIgniter.php(349): CodeIgniter\CodeIgniter->handleRequest(null, Object(Config\Cache), false)
10 FCPATH\index.php(55): CodeIgniter\CodeIgniter->run()
11 SYSTEMPATH\Commands\Server\rewrite.php(43): require_once('FCPATH\\index.php')
CRITICAL - 2022-07-16 23:22:09 --> Trying to access array offset on value of type null
in VENDORPATH\myth\auth\src\Views\login.php on line 22.
 1 VENDORPATH\myth\auth\src\Views\login.php(22): CodeIgniter\Debug\Exceptions->errorHandler(2, 'Trying to access array offset on value of type null', 'VENDORPATH\\myth\\auth\\src\\Views\\login.php', 22)
 2 SYSTEMPATH\View\View.php(213): include('VENDORPATH\\myth\\auth\\src\\Views\\login.php')
 3 SYSTEMPATH\View\View.php(216): CodeIgniter\View\View->CodeIgniter\View\{closure}()
 4 SYSTEMPATH\Common.php(1135): CodeIgniter\View\View->render('Myth\\Auth\\Views\\login', [], true)
 5 VENDORPATH\myth\auth\src\Controllers\AuthController.php(429): view('Myth\\Auth\\Views\\login', [...])
 6 VENDORPATH\myth\auth\src\Controllers\AuthController.php(57): Myth\Auth\Controllers\AuthController->_render('Myth\\Auth\\Views\\login', [...])
 7 SYSTEMPATH\CodeIgniter.php(896): Myth\Auth\Controllers\AuthController->login()
 8 SYSTEMPATH\CodeIgniter.php(466): CodeIgniter\CodeIgniter->runController(Object(Myth\Auth\Controllers\AuthController))
 9 SYSTEMPATH\CodeIgniter.php(349): CodeIgniter\CodeIgniter->handleRequest(null, Object(Config\Cache), false)
10 FCPATH\index.php(55): CodeIgniter\CodeIgniter->run()
11 SYSTEMPATH\Commands\Server\rewrite.php(43): require_once('FCPATH\\index.php')
CRITICAL - 2022-07-16 23:22:10 --> Trying to access array offset on value of type null
in VENDORPATH\myth\auth\src\Views\login.php on line 22.
 1 VENDORPATH\myth\auth\src\Views\login.php(22): CodeIgniter\Debug\Exceptions->errorHandler(2, 'Trying to access array offset on value of type null', 'VENDORPATH\\myth\\auth\\src\\Views\\login.php', 22)
 2 SYSTEMPATH\View\View.php(213): include('VENDORPATH\\myth\\auth\\src\\Views\\login.php')
 3 SYSTEMPATH\View\View.php(216): CodeIgniter\View\View->CodeIgniter\View\{closure}()
 4 SYSTEMPATH\Common.php(1135): CodeIgniter\View\View->render('Myth\\Auth\\Views\\login', [], true)
 5 VENDORPATH\myth\auth\src\Controllers\AuthController.php(429): view('Myth\\Auth\\Views\\login', [...])
 6 VENDORPATH\myth\auth\src\Controllers\AuthController.php(57): Myth\Auth\Controllers\AuthController->_render('Myth\\Auth\\Views\\login', [...])
 7 SYSTEMPATH\CodeIgniter.php(896): Myth\Auth\Controllers\AuthController->login()
 8 SYSTEMPATH\CodeIgniter.php(466): CodeIgniter\CodeIgniter->runController(Object(Myth\Auth\Controllers\AuthController))
 9 SYSTEMPATH\CodeIgniter.php(349): CodeIgniter\CodeIgniter->handleRequest(null, Object(Config\Cache), false)
10 FCPATH\index.php(55): CodeIgniter\CodeIgniter->run()
11 SYSTEMPATH\Commands\Server\rewrite.php(43): require_once('FCPATH\\index.php')
CRITICAL - 2022-07-16 23:22:10 --> Trying to access array offset on value of type null
in VENDORPATH\myth\auth\src\Views\login.php on line 22.
 1 VENDORPATH\myth\auth\src\Views\login.php(22): CodeIgniter\Debug\Exceptions->errorHandler(2, 'Trying to access array offset on value of type null', 'VENDORPATH\\myth\\auth\\src\\Views\\login.php', 22)
 2 SYSTEMPATH\View\View.php(213): include('VENDORPATH\\myth\\auth\\src\\Views\\login.php')
 3 SYSTEMPATH\View\View.php(216): CodeIgniter\View\View->CodeIgniter\View\{closure}()
 4 SYSTEMPATH\Common.php(1135): CodeIgniter\View\View->render('Myth\\Auth\\Views\\login', [], true)
 5 VENDORPATH\myth\auth\src\Controllers\AuthController.php(429): view('Myth\\Auth\\Views\\login', [...])
 6 VENDORPATH\myth\auth\src\Controllers\AuthController.php(57): Myth\Auth\Controllers\AuthController->_render('Myth\\Auth\\Views\\login', [...])
 7 SYSTEMPATH\CodeIgniter.php(896): Myth\Auth\Controllers\AuthController->login()
 8 SYSTEMPATH\CodeIgniter.php(466): CodeIgniter\CodeIgniter->runController(Object(Myth\Auth\Controllers\AuthController))
 9 SYSTEMPATH\CodeIgniter.php(349): CodeIgniter\CodeIgniter->handleRequest(null, Object(Config\Cache), false)
10 FCPATH\index.php(55): CodeIgniter\CodeIgniter->run()
11 SYSTEMPATH\Commands\Server\rewrite.php(43): require_once('FCPATH\\index.php')
