CRITICAL - 2022-07-14 09:37:37 --> Call to undefined function CodeIgniter\locale_set_default()
in SYSTEMPATH\CodeIgniter.php on line 193.
 1 ROOTPATH\spark(71): CodeIgniter\CodeIgniter->initialize()
CRITICAL - 2022-07-14 09:38:51 --> Call to undefined function CodeIgniter\locale_set_default()
in SYSTEMPATH\CodeIgniter.php on line 193.
 1 ROOTPATH\spark(71): CodeIgniter\CodeIgniter->initialize()
CRITICAL - 2022-07-14 06:49:04 --> Undefined variable $profile
in APPPATH\Views\website\template\topbar.php on line 7.
 1 APPPATH\Views\website\template\topbar.php(7): CodeIgniter\Debug\Exceptions->errorHandler(2, 'Undefined variable $profile', 'APPPATH\\Views\\website\\template\\topbar.php', 7)
 2 SYSTEMPATH\View\View.php(213): include('APPPATH\\Views\\website\\template\\topbar.php')
 3 SYSTEMPATH\View\View.php(216): CodeIgniter\View\View->CodeIgniter\View\{closure}()
 4 SYSTEMPATH\View\View.php(429): CodeIgniter\View\View->render('website/template/topbar', null, true)
 5 APPPATH\Views\website\template\content.php(2): CodeIgniter\View\View->include('website/template/topbar')
 6 SYSTEMPATH\View\View.php(213): include('APPPATH\\Views\\website\\template\\content.php')
 7 SYSTEMPATH\View\View.php(216): CodeIgniter\View\View->CodeIgniter\View\{closure}()
 8 SYSTEMPATH\View\View.php(229): CodeIgniter\View\View->render('website/template/content', [], true)
 9 SYSTEMPATH\Common.php(1135): CodeIgniter\View\View->render('website/about', [], true)
10 APPPATH\Controllers\Website.php(32): view('website/about', [...])
11 SYSTEMPATH\CodeIgniter.php(896): App\Controllers\Website->about()
12 SYSTEMPATH\CodeIgniter.php(466): CodeIgniter\CodeIgniter->runController(Object(App\Controllers\Website))
13 SYSTEMPATH\CodeIgniter.php(349): CodeIgniter\CodeIgniter->handleRequest(null, Object(Config\Cache), false)
14 FCPATH\index.php(55): CodeIgniter\CodeIgniter->run()
15 SYSTEMPATH\Commands\Server\rewrite.php(43): require_once('FCPATH\\index.php')
CRITICAL - 2022-07-14 06:49:23 --> Attempt to read property "email" on array
in APPPATH\Views\website\template\topbar.php on line 7.
 1 APPPATH\Views\website\template\topbar.php(7): CodeIgniter\Debug\Exceptions->errorHandler(2, 'Attempt to read property "email" on array', 'APPPATH\\Views\\website\\template\\topbar.php', 7)
 2 SYSTEMPATH\View\View.php(213): include('APPPATH\\Views\\website\\template\\topbar.php')
 3 SYSTEMPATH\View\View.php(216): CodeIgniter\View\View->CodeIgniter\View\{closure}()
 4 SYSTEMPATH\View\View.php(429): CodeIgniter\View\View->render('website/template/topbar', null, true)
 5 APPPATH\Views\website\template\content.php(2): CodeIgniter\View\View->include('website/template/topbar')
 6 SYSTEMPATH\View\View.php(213): include('APPPATH\\Views\\website\\template\\content.php')
 7 SYSTEMPATH\View\View.php(216): CodeIgniter\View\View->CodeIgniter\View\{closure}()
 8 SYSTEMPATH\View\View.php(229): CodeIgniter\View\View->render('website/template/content', [], true)
 9 SYSTEMPATH\Common.php(1135): CodeIgniter\View\View->render('website/about', [], true)
10 APPPATH\Controllers\Website.php(33): view('website/about', [...])
11 SYSTEMPATH\CodeIgniter.php(896): App\Controllers\Website->about()
12 SYSTEMPATH\CodeIgniter.php(466): CodeIgniter\CodeIgniter->runController(Object(App\Controllers\Website))
13 SYSTEMPATH\CodeIgniter.php(349): CodeIgniter\CodeIgniter->handleRequest(null, Object(Config\Cache), false)
14 FCPATH\index.php(55): CodeIgniter\CodeIgniter->run()
15 SYSTEMPATH\Commands\Server\rewrite.php(43): require_once('FCPATH\\index.php')
ERROR - 2022-07-14 09:31:21 --> Table 'shop.contact_email' doesn't exist
CRITICAL - 2022-07-14 09:31:21 --> Table 'shop.contact_email' doesn't exist
in SYSTEMPATH\Database\MySQLi\Connection.php on line 292.
 1 SYSTEMPATH\Database\MySQLi\Connection.php(292): mysqli->query('INSERT INTO contact_email (name,email,subject,message) VALUES (\'verdi sasmeka\',\'verdysas@gmail.com\',\'Haloo\',\'Saya ingin menjadi Re-Seller, bagaimana caranya ya kak ? Terima Kasih\')', 0)
 2 SYSTEMPATH\Database\BaseConnection.php(695): CodeIgniter\Database\MySQLi\Connection->execute('INSERT INTO contact_email (name,email,subject,message) VALUES (\'verdi sasmeka\',\'verdysas@gmail.com\',\'Haloo\',\'Saya ingin menjadi Re-Seller, bagaimana caranya ya kak ? Terima Kasih\')')
 3 SYSTEMPATH\Database\BaseConnection.php(609): CodeIgniter\Database\BaseConnection->simpleQuery('INSERT INTO contact_email (name,email,subject,message) VALUES (\'verdi sasmeka\',\'verdysas@gmail.com\',\'Haloo\',\'Saya ingin menjadi Re-Seller, bagaimana caranya ya kak ? Terima Kasih\')')
 4 APPPATH\Controllers\Website.php(59): CodeIgniter\Database\BaseConnection->query('INSERT INTO contact_email (name,email,subject,message) VALUES (\'verdi sasmeka\',\'verdysas@gmail.com\',\'Haloo\',\'Saya ingin menjadi Re-Seller, bagaimana caranya ya kak ? Terima Kasih\')')
 5 SYSTEMPATH\CodeIgniter.php(896): App\Controllers\Website->sentcontactus()
 6 SYSTEMPATH\CodeIgniter.php(466): CodeIgniter\CodeIgniter->runController(Object(App\Controllers\Website))
 7 SYSTEMPATH\CodeIgniter.php(349): CodeIgniter\CodeIgniter->handleRequest(null, Object(Config\Cache), false)
 8 FCPATH\index.php(55): CodeIgniter\CodeIgniter->run()
 9 SYSTEMPATH\Commands\Server\rewrite.php(43): require_once('FCPATH\\index.php')
CRITICAL - 2022-07-14 21:55:28 --> Undefined variable $jumlah_data_saya
in APPPATH\Views\beranda.php on line 98.
 1 APPPATH\Views\beranda.php(98): CodeIgniter\Debug\Exceptions->errorHandler(2, 'Undefined variable $jumlah_data_saya', 'APPPATH\\Views\\beranda.php', 98)
 2 SYSTEMPATH\View\View.php(213): include('APPPATH\\Views\\beranda.php')
 3 SYSTEMPATH\View\View.php(216): CodeIgniter\View\View->CodeIgniter\View\{closure}()
 4 SYSTEMPATH\Common.php(1135): CodeIgniter\View\View->render('beranda', [], true)
 5 APPPATH\Controllers\Beranda_Admin.php(25): view('beranda', [...])
 6 SYSTEMPATH\CodeIgniter.php(896): App\Controllers\Beranda_Admin->index()
 7 SYSTEMPATH\CodeIgniter.php(466): CodeIgniter\CodeIgniter->runController(Object(App\Controllers\Beranda_Admin))
 8 SYSTEMPATH\CodeIgniter.php(349): CodeIgniter\CodeIgniter->handleRequest(null, Object(Config\Cache), false)
 9 FCPATH\index.php(55): CodeIgniter\CodeIgniter->run()
10 SYSTEMPATH\Commands\Server\rewrite.php(43): require_once('FCPATH\\index.php')
CRITICAL - 2022-07-14 22:06:10 --> Undefined variable $profile_company
in APPPATH\Views\template\header.php on line 16.
 1 APPPATH\Views\template\header.php(16): CodeIgniter\Debug\Exceptions->errorHandler(2, 'Undefined variable $profile_company', 'APPPATH\\Views\\template\\header.php', 16)
 2 SYSTEMPATH\View\View.php(213): include('APPPATH\\Views\\template\\header.php')
 3 SYSTEMPATH\View\View.php(216): CodeIgniter\View\View->CodeIgniter\View\{closure}()
 4 SYSTEMPATH\View\View.php(429): CodeIgniter\View\View->render('template/header', null, true)
 5 APPPATH\Views\template\content.php(1): CodeIgniter\View\View->include('template/header')
 6 SYSTEMPATH\View\View.php(213): include('APPPATH\\Views\\template\\content.php')
 7 SYSTEMPATH\View\View.php(216): CodeIgniter\View\View->CodeIgniter\View\{closure}()
 8 SYSTEMPATH\View\View.php(229): CodeIgniter\View\View->render('template/content', [], true)
 9 SYSTEMPATH\Common.php(1135): CodeIgniter\View\View->render('manajemen_data_project', [], true)
10 APPPATH\Controllers\Manajemen_Data_Project.php(19): view('manajemen_data_project', [...])
11 SYSTEMPATH\CodeIgniter.php(896): App\Controllers\Manajemen_Data_Project->index()
12 SYSTEMPATH\CodeIgniter.php(466): CodeIgniter\CodeIgniter->runController(Object(App\Controllers\Manajemen_Data_Project))
13 SYSTEMPATH\CodeIgniter.php(349): CodeIgniter\CodeIgniter->handleRequest(null, Object(Config\Cache), false)
14 FCPATH\index.php(55): CodeIgniter\CodeIgniter->run()
15 SYSTEMPATH\Commands\Server\rewrite.php(43): require_once('FCPATH\\index.php')
ERROR - 2022-07-14 22:26:09 --> You have an error in your SQL syntax; check the manual that corresponds to your MariaDB server version for the right syntax to use near '' at line 1
CRITICAL - 2022-07-14 22:26:09 --> You have an error in your SQL syntax; check the manual that corresponds to your MariaDB server version for the right syntax to use near '' at line 1
in SYSTEMPATH\Database\MySQLi\Connection.php on line 292.
 1 SYSTEMPATH\Database\MySQLi\Connection.php(292): mysqli->query('UPDATE profile_company SET nama_perusahaan=\'Blakucakk\',alamat=\'Jl. Raya Lenteng, Kabupaten Sumenep, Jawa Timur\' where id=', 0)
 2 SYSTEMPATH\Database\BaseConnection.php(695): CodeIgniter\Database\MySQLi\Connection->execute('UPDATE profile_company SET nama_perusahaan=\'Blakucakk\',alamat=\'Jl. Raya Lenteng, Kabupaten Sumenep, Jawa Timur\' where id=')
 3 SYSTEMPATH\Database\BaseConnection.php(609): CodeIgniter\Database\BaseConnection->simpleQuery('UPDATE profile_company SET nama_perusahaan=\'Blakucakk\',alamat=\'Jl. Raya Lenteng, Kabupaten Sumenep, Jawa Timur\' where id=')
 4 APPPATH\Controllers\Beranda_Admin.php(74): CodeIgniter\Database\BaseConnection->query('UPDATE profile_company SET nama_perusahaan=\'Blakucakk\',alamat=\'Jl. Raya Lenteng, Kabupaten Sumenep, Jawa Timur\' where id=')
 5 SYSTEMPATH\CodeIgniter.php(896): App\Controllers\Beranda_Admin->ubahprofil()
 6 SYSTEMPATH\CodeIgniter.php(466): CodeIgniter\CodeIgniter->runController(Object(App\Controllers\Beranda_Admin))
 7 SYSTEMPATH\CodeIgniter.php(349): CodeIgniter\CodeIgniter->handleRequest(null, Object(Config\Cache), false)
 8 FCPATH\index.php(55): CodeIgniter\CodeIgniter->run()
 9 SYSTEMPATH\Commands\Server\rewrite.php(43): require_once('FCPATH\\index.php')
ERROR - 2022-07-14 22:27:49 --> You have an error in your SQL syntax; check the manual that corresponds to your MariaDB server version for the right syntax to use near '' at line 1
CRITICAL - 2022-07-14 22:27:49 --> You have an error in your SQL syntax; check the manual that corresponds to your MariaDB server version for the right syntax to use near '' at line 1
in SYSTEMPATH\Database\MySQLi\Connection.php on line 292.
 1 SYSTEMPATH\Database\MySQLi\Connection.php(292): mysqli->query('UPDATE profile_company SET nama_perusahaan=\'Blakucakk\',alamat=\'Jl. Raya Lenteng, Kabupaten Sumenep, Jawa Timur\' where id=', 0)
 2 SYSTEMPATH\Database\BaseConnection.php(695): CodeIgniter\Database\MySQLi\Connection->execute('UPDATE profile_company SET nama_perusahaan=\'Blakucakk\',alamat=\'Jl. Raya Lenteng, Kabupaten Sumenep, Jawa Timur\' where id=')
 3 SYSTEMPATH\Database\BaseConnection.php(609): CodeIgniter\Database\BaseConnection->simpleQuery('UPDATE profile_company SET nama_perusahaan=\'Blakucakk\',alamat=\'Jl. Raya Lenteng, Kabupaten Sumenep, Jawa Timur\' where id=')
 4 APPPATH\Controllers\Beranda_Admin.php(76): CodeIgniter\Database\BaseConnection->query('UPDATE profile_company SET nama_perusahaan=\'Blakucakk\',alamat=\'Jl. Raya Lenteng, Kabupaten Sumenep, Jawa Timur\' where id=')
 5 SYSTEMPATH\CodeIgniter.php(896): App\Controllers\Beranda_Admin->ubahprofil()
 6 SYSTEMPATH\CodeIgniter.php(466): CodeIgniter\CodeIgniter->runController(Object(App\Controllers\Beranda_Admin))
 7 SYSTEMPATH\CodeIgniter.php(349): CodeIgniter\CodeIgniter->handleRequest(null, Object(Config\Cache), false)
 8 FCPATH\index.php(55): CodeIgniter\CodeIgniter->run()
 9 SYSTEMPATH\Commands\Server\rewrite.php(43): require_once('FCPATH\\index.php')
CRITICAL - 2022-07-14 23:10:13 --> Undefined variable $jumlah_subscribe
in APPPATH\Views\beranda.php on line 112.
 1 APPPATH\Views\beranda.php(112): CodeIgniter\Debug\Exceptions->errorHandler(2, 'Undefined variable $jumlah_subscribe', 'APPPATH\\Views\\beranda.php', 112)
 2 SYSTEMPATH\View\View.php(213): include('APPPATH\\Views\\beranda.php')
 3 SYSTEMPATH\View\View.php(216): CodeIgniter\View\View->CodeIgniter\View\{closure}()
 4 SYSTEMPATH\Common.php(1135): CodeIgniter\View\View->render('beranda', [], true)
 5 APPPATH\Controllers\Beranda_Admin.php(28): view('beranda', [...])
 6 SYSTEMPATH\CodeIgniter.php(896): App\Controllers\Beranda_Admin->index()
 7 SYSTEMPATH\CodeIgniter.php(466): CodeIgniter\CodeIgniter->runController(Object(App\Controllers\Beranda_Admin))
 8 SYSTEMPATH\CodeIgniter.php(349): CodeIgniter\CodeIgniter->handleRequest(null, Object(Config\Cache), false)
 9 FCPATH\index.php(55): CodeIgniter\CodeIgniter->run()
10 SYSTEMPATH\Commands\Server\rewrite.php(43): require_once('FCPATH\\index.php')
CRITICAL - 2022-07-14 23:11:55 --> The framework needs the following extension(s) installed and loaded: GD.
in SYSTEMPATH\Exceptions\FrameworkException.php on line 54.
 1 SYSTEMPATH\Images\Handlers\GDHandler.php(34): CodeIgniter\Exceptions\FrameworkException::forMissingExtension('GD')
 2 SYSTEMPATH\Config\Services.php(334): CodeIgniter\Images\Handlers\GDHandler->__construct(Object(Config\Images))
 3 SYSTEMPATH\Config\BaseService.php(251): CodeIgniter\Config\Services::image('gd', Object(Config\Images), false)
 4 SYSTEMPATH\Config\BaseService.php(192): CodeIgniter\Config\BaseService::__callStatic('image', [...])
 5 SYSTEMPATH\Config\Services.php(327): CodeIgniter\Config\BaseService::getSharedInstance('image', 'gd', null)
 6 SYSTEMPATH\Config\BaseService.php(251): CodeIgniter\Config\Services::image('gd')
 7 APPPATH\Controllers\Beranda_Admin.php(53): CodeIgniter\Config\BaseService::__callStatic('image', [...])
 8 SYSTEMPATH\CodeIgniter.php(896): App\Controllers\Beranda_Admin->ubahprofil()
 9 SYSTEMPATH\CodeIgniter.php(466): CodeIgniter\CodeIgniter->runController(Object(App\Controllers\Beranda_Admin))
10 SYSTEMPATH\CodeIgniter.php(349): CodeIgniter\CodeIgniter->handleRequest(null, Object(Config\Cache), false)
11 FCPATH\index.php(55): CodeIgniter\CodeIgniter->run()
12 SYSTEMPATH\Commands\Server\rewrite.php(43): require_once('FCPATH\\index.php')
CRITICAL - 2022-07-14 23:15:09 --> Undefined variable $profile_company
in APPPATH\Views\template\header.php on line 16.
 1 APPPATH\Views\template\header.php(16): CodeIgniter\Debug\Exceptions->errorHandler(2, 'Undefined variable $profile_company', 'APPPATH\\Views\\template\\header.php', 16)
 2 SYSTEMPATH\View\View.php(213): include('APPPATH\\Views\\template\\header.php')
 3 SYSTEMPATH\View\View.php(216): CodeIgniter\View\View->CodeIgniter\View\{closure}()
 4 SYSTEMPATH\View\View.php(429): CodeIgniter\View\View->render('template/header', null, true)
 5 APPPATH\Views\template\content.php(1): CodeIgniter\View\View->include('template/header')
 6 SYSTEMPATH\View\View.php(213): include('APPPATH\\Views\\template\\content.php')
 7 SYSTEMPATH\View\View.php(216): CodeIgniter\View\View->CodeIgniter\View\{closure}()
 8 SYSTEMPATH\View\View.php(229): CodeIgniter\View\View->render('template/content', [], true)
 9 SYSTEMPATH\Common.php(1135): CodeIgniter\View\View->render('manajemen_data_project', [], true)
10 APPPATH\Controllers\Manajemen_Data_Project.php(19): view('manajemen_data_project', [...])
11 SYSTEMPATH\CodeIgniter.php(896): App\Controllers\Manajemen_Data_Project->index()
12 SYSTEMPATH\CodeIgniter.php(466): CodeIgniter\CodeIgniter->runController(Object(App\Controllers\Manajemen_Data_Project))
13 SYSTEMPATH\CodeIgniter.php(349): CodeIgniter\CodeIgniter->handleRequest(null, Object(Config\Cache), false)
14 FCPATH\index.php(55): CodeIgniter\CodeIgniter->run()
15 SYSTEMPATH\Commands\Server\rewrite.php(43): require_once('FCPATH\\index.php')
CRITICAL - 2022-07-14 23:15:13 --> Undefined variable $profile_company
in APPPATH\Views\template\header.php on line 16.
 1 APPPATH\Views\template\header.php(16): CodeIgniter\Debug\Exceptions->errorHandler(2, 'Undefined variable $profile_company', 'APPPATH\\Views\\template\\header.php', 16)
 2 SYSTEMPATH\View\View.php(213): include('APPPATH\\Views\\template\\header.php')
 3 SYSTEMPATH\View\View.php(216): CodeIgniter\View\View->CodeIgniter\View\{closure}()
 4 SYSTEMPATH\View\View.php(429): CodeIgniter\View\View->render('template/header', null, true)
 5 APPPATH\Views\template\content.php(1): CodeIgniter\View\View->include('template/header')
 6 SYSTEMPATH\View\View.php(213): include('APPPATH\\Views\\template\\content.php')
 7 SYSTEMPATH\View\View.php(216): CodeIgniter\View\View->CodeIgniter\View\{closure}()
 8 SYSTEMPATH\View\View.php(229): CodeIgniter\View\View->render('template/content', [], true)
 9 SYSTEMPATH\Common.php(1135): CodeIgniter\View\View->render('manajemen_data_project', [], true)
10 APPPATH\Controllers\Manajemen_Data_Project.php(19): view('manajemen_data_project', [...])
11 SYSTEMPATH\CodeIgniter.php(896): App\Controllers\Manajemen_Data_Project->index()
12 SYSTEMPATH\CodeIgniter.php(466): CodeIgniter\CodeIgniter->runController(Object(App\Controllers\Manajemen_Data_Project))
13 SYSTEMPATH\CodeIgniter.php(349): CodeIgniter\CodeIgniter->handleRequest(null, Object(Config\Cache), false)
14 FCPATH\index.php(55): CodeIgniter\CodeIgniter->run()
15 SYSTEMPATH\Commands\Server\rewrite.php(43): require_once('FCPATH\\index.php')
