CRITICAL - 2022-07-19 00:42:33 --> Undefined variable $opular_product
in APPPATH\Views\website\index.php on line 61.
 1 APPPATH\Views\website\index.php(61): CodeIgniter\Debug\Exceptions->errorHandler(2, 'Undefined variable $opular_product', 'APPPATH\\Views\\website\\index.php', 61)
 2 SYSTEMPATH\View\View.php(213): include('APPPATH\\Views\\website\\index.php')
 3 SYSTEMPATH\View\View.php(216): CodeIgniter\View\View->CodeIgniter\View\{closure}()
 4 SYSTEMPATH\Common.php(1135): CodeIgniter\View\View->render('website/index', [], true)
 5 APPPATH\Controllers\Website.php(31): view('website/index', [...])
 6 SYSTEMPATH\CodeIgniter.php(896): App\Controllers\Website->index()
 7 SYSTEMPATH\CodeIgniter.php(466): CodeIgniter\CodeIgniter->runController(Object(App\Controllers\Website))
 8 SYSTEMPATH\CodeIgniter.php(349): CodeIgniter\CodeIgniter->handleRequest(null, Object(Config\Cache), false)
 9 FCPATH\index.php(55): CodeIgniter\CodeIgniter->run()
10 SYSTEMPATH\Commands\Server\rewrite.php(43): require_once('FCPATH\\index.php')
CRITICAL - 2022-07-19 00:42:42 --> Undefined variable $popular_product
in APPPATH\Views\website\index.php on line 61.
 1 APPPATH\Views\website\index.php(61): CodeIgniter\Debug\Exceptions->errorHandler(2, 'Undefined variable $popular_product', 'APPPATH\\Views\\website\\index.php', 61)
 2 SYSTEMPATH\View\View.php(213): include('APPPATH\\Views\\website\\index.php')
 3 SYSTEMPATH\View\View.php(216): CodeIgniter\View\View->CodeIgniter\View\{closure}()
 4 SYSTEMPATH\Common.php(1135): CodeIgniter\View\View->render('website/index', [], true)
 5 APPPATH\Controllers\Website.php(31): view('website/index', [...])
 6 SYSTEMPATH\CodeIgniter.php(896): App\Controllers\Website->index()
 7 SYSTEMPATH\CodeIgniter.php(466): CodeIgniter\CodeIgniter->runController(Object(App\Controllers\Website))
 8 SYSTEMPATH\CodeIgniter.php(349): CodeIgniter\CodeIgniter->handleRequest(null, Object(Config\Cache), false)
 9 FCPATH\index.php(55): CodeIgniter\CodeIgniter->run()
10 SYSTEMPATH\Commands\Server\rewrite.php(43): require_once('FCPATH\\index.php')
CRITICAL - 2022-07-19 00:43:01 --> Undefined variable $a
in APPPATH\Views\website\index.php on line 77.
 1 APPPATH\Views\website\index.php(77): CodeIgniter\Debug\Exceptions->errorHandler(2, 'Undefined variable $a', 'APPPATH\\Views\\website\\index.php', 77)
 2 SYSTEMPATH\View\View.php(213): include('APPPATH\\Views\\website\\index.php')
 3 SYSTEMPATH\View\View.php(216): CodeIgniter\View\View->CodeIgniter\View\{closure}()
 4 SYSTEMPATH\Common.php(1135): CodeIgniter\View\View->render('website/index', [], true)
 5 APPPATH\Controllers\Website.php(31): view('website/index', [...])
 6 SYSTEMPATH\CodeIgniter.php(896): App\Controllers\Website->index()
 7 SYSTEMPATH\CodeIgniter.php(466): CodeIgniter\CodeIgniter->runController(Object(App\Controllers\Website))
 8 SYSTEMPATH\CodeIgniter.php(349): CodeIgniter\CodeIgniter->handleRequest(null, Object(Config\Cache), false)
 9 FCPATH\index.php(55): CodeIgniter\CodeIgniter->run()
10 SYSTEMPATH\Commands\Server\rewrite.php(43): require_once('FCPATH\\index.php')
CRITICAL - 2022-07-19 06:22:24 --> Undefined variable $profile_company
in APPPATH\Views\website\template\topbar.php on line 27.
 1 APPPATH\Views\website\template\topbar.php(27): CodeIgniter\Debug\Exceptions->errorHandler(2, 'Undefined variable $profile_company', 'APPPATH\\Views\\website\\template\\topbar.php', 27)
 2 SYSTEMPATH\View\View.php(213): include('APPPATH\\Views\\website\\template\\topbar.php')
 3 SYSTEMPATH\View\View.php(216): CodeIgniter\View\View->CodeIgniter\View\{closure}()
 4 SYSTEMPATH\View\View.php(429): CodeIgniter\View\View->render('website/template/topbar', null, true)
 5 APPPATH\Views\website\template\content.php(2): CodeIgniter\View\View->include('website/template/topbar')
 6 SYSTEMPATH\View\View.php(213): include('APPPATH\\Views\\website\\template\\content.php')
 7 SYSTEMPATH\View\View.php(216): CodeIgniter\View\View->CodeIgniter\View\{closure}()
 8 SYSTEMPATH\View\View.php(229): CodeIgniter\View\View->render('website/template/content', [], true)
 9 SYSTEMPATH\Common.php(1135): CodeIgniter\View\View->render('website/index', [], true)
10 APPPATH\Controllers\Website.php(34): view('website/index', [...])
11 SYSTEMPATH\CodeIgniter.php(896): App\Controllers\Website->index()
12 SYSTEMPATH\CodeIgniter.php(466): CodeIgniter\CodeIgniter->runController(Object(App\Controllers\Website))
13 SYSTEMPATH\CodeIgniter.php(349): CodeIgniter\CodeIgniter->handleRequest(null, Object(Config\Cache), false)
14 FCPATH\index.php(55): CodeIgniter\CodeIgniter->run()
15 SYSTEMPATH\Commands\Server\rewrite.php(43): require_once('FCPATH\\index.php')
