CRITICAL - 2022-07-17 03:39:17 --> Undefined variable $category
in APPPATH\Views\website\template\footer.php on line 27.
 1 APPPATH\Views\website\template\footer.php(27): CodeIgniter\Debug\Exceptions->errorHandler(2, 'Undefined variable $category', 'APPPATH\\Views\\website\\template\\footer.php', 27)
 2 SYSTEMPATH\View\View.php(213): include('APPPATH\\Views\\website\\template\\footer.php')
 3 SYSTEMPATH\View\View.php(216): CodeIgniter\View\View->CodeIgniter\View\{closure}()
 4 SYSTEMPATH\View\View.php(429): CodeIgniter\View\View->render('website/template/footer', null, true)
 5 APPPATH\Views\website\template\content.php(4): CodeIgniter\View\View->include('website/template/footer')
 6 SYSTEMPATH\View\View.php(213): include('APPPATH\\Views\\website\\template\\content.php')
 7 SYSTEMPATH\View\View.php(216): CodeIgniter\View\View->CodeIgniter\View\{closure}()
 8 SYSTEMPATH\View\View.php(229): CodeIgniter\View\View->render('website/template/content', [], true)
 9 SYSTEMPATH\Common.php(1135): CodeIgniter\View\View->render('website/clinic', [], true)
10 APPPATH\Controllers\Website.php(76): view('website/clinic', [...])
11 SYSTEMPATH\CodeIgniter.php(896): App\Controllers\Website->clinic()
12 SYSTEMPATH\CodeIgniter.php(466): CodeIgniter\CodeIgniter->runController(Object(App\Controllers\Website))
13 SYSTEMPATH\CodeIgniter.php(349): CodeIgniter\CodeIgniter->handleRequest(null, Object(Config\Cache), false)
14 FCPATH\index.php(55): CodeIgniter\CodeIgniter->run()
15 SYSTEMPATH\Commands\Server\rewrite.php(43): require_once('FCPATH\\index.php')
CRITICAL - 2022-07-17 05:21:52 --> Undefined property: stdClass::$judul_banner
in APPPATH\Views\manajemen_clinic.php on line 99.
 1 APPPATH\Views\manajemen_clinic.php(99): CodeIgniter\Debug\Exceptions->errorHandler(2, 'Undefined property: stdClass::$judul_banner', 'APPPATH\\Views\\manajemen_clinic.php', 99)
 2 SYSTEMPATH\View\View.php(213): include('APPPATH\\Views\\manajemen_clinic.php')
 3 SYSTEMPATH\View\View.php(216): CodeIgniter\View\View->CodeIgniter\View\{closure}()
 4 SYSTEMPATH\Common.php(1135): CodeIgniter\View\View->render('manajemen_clinic', [], true)
 5 APPPATH\Controllers\Manajemen_CLinic.php(23): view('manajemen_clinic', [...])
 6 SYSTEMPATH\CodeIgniter.php(896): App\Controllers\Manajemen_Clinic->index()
 7 SYSTEMPATH\CodeIgniter.php(466): CodeIgniter\CodeIgniter->runController(Object(App\Controllers\Manajemen_Clinic))
 8 SYSTEMPATH\CodeIgniter.php(349): CodeIgniter\CodeIgniter->handleRequest(null, Object(Config\Cache), false)
 9 FCPATH\index.php(55): CodeIgniter\CodeIgniter->run()
10 SYSTEMPATH\Commands\Server\rewrite.php(43): require_once('FCPATH\\index.php')
CRITICAL - 2022-07-17 05:26:50 --> Undefined property: stdClass::$judul_banner
in APPPATH\Views\manajemen_clinic.php on line 111.
 1 APPPATH\Views\manajemen_clinic.php(111): CodeIgniter\Debug\Exceptions->errorHandler(2, 'Undefined property: stdClass::$judul_banner', 'APPPATH\\Views\\manajemen_clinic.php', 111)
 2 SYSTEMPATH\View\View.php(213): include('APPPATH\\Views\\manajemen_clinic.php')
 3 SYSTEMPATH\View\View.php(216): CodeIgniter\View\View->CodeIgniter\View\{closure}()
 4 SYSTEMPATH\Common.php(1135): CodeIgniter\View\View->render('manajemen_clinic', [], true)
 5 APPPATH\Controllers\Manajemen_CLinic.php(23): view('manajemen_clinic', [...])
 6 SYSTEMPATH\CodeIgniter.php(896): App\Controllers\Manajemen_Clinic->index()
 7 SYSTEMPATH\CodeIgniter.php(466): CodeIgniter\CodeIgniter->runController(Object(App\Controllers\Manajemen_Clinic))
 8 SYSTEMPATH\CodeIgniter.php(349): CodeIgniter\CodeIgniter->handleRequest(null, Object(Config\Cache), false)
 9 FCPATH\index.php(55): CodeIgniter\CodeIgniter->run()
10 SYSTEMPATH\Commands\Server\rewrite.php(43): require_once('FCPATH\\index.php')
ERROR - 2022-07-17 05:43:03 --> You have an error in your SQL syntax; check the manual that corresponds to your MariaDB server version for the right syntax to use near '-'Jln. Tidak Kunjung Datang',`maps`='https://goo.gl/maps/7JFKjdba8gybfP6M8',`...' at line 1
CRITICAL - 2022-07-17 05:43:03 --> You have an error in your SQL syntax; check the manual that corresponds to your MariaDB server version for the right syntax to use near '-'Jln. Tidak Kunjung Datang',`maps`='https://goo.gl/maps/7JFKjdba8gybfP6M8',`...' at line 1
in SYSTEMPATH\Database\MySQLi\Connection.php on line 292.
 1 SYSTEMPATH\Database\MySQLi\Connection.php(292): mysqli->query('UPDATE clinic SET nama_klinik=\'Clinic Surabaya\',`alamat_klinik`-\'Jln. Tidak Kunjung Datang\',`maps`=\'https://goo.gl/maps/7JFKjdba8gybfP6M8\',`instagram`=\'sasmeka\',`telp`=\'088772345678888\' where id=1', 0)
 2 SYSTEMPATH\Database\BaseConnection.php(695): CodeIgniter\Database\MySQLi\Connection->execute('UPDATE clinic SET nama_klinik=\'Clinic Surabaya\',`alamat_klinik`-\'Jln. Tidak Kunjung Datang\',`maps`=\'https://goo.gl/maps/7JFKjdba8gybfP6M8\',`instagram`=\'sasmeka\',`telp`=\'088772345678888\' where id=1')
 3 SYSTEMPATH\Database\BaseConnection.php(609): CodeIgniter\Database\BaseConnection->simpleQuery('UPDATE clinic SET nama_klinik=\'Clinic Surabaya\',`alamat_klinik`-\'Jln. Tidak Kunjung Datang\',`maps`=\'https://goo.gl/maps/7JFKjdba8gybfP6M8\',`instagram`=\'sasmeka\',`telp`=\'088772345678888\' where id=1')
 4 APPPATH\Controllers\Manajemen_CLinic.php(121): CodeIgniter\Database\BaseConnection->query('UPDATE clinic SET nama_klinik=\'Clinic Surabaya\',`alamat_klinik`-\'Jln. Tidak Kunjung Datang\',`maps`=\'https://goo.gl/maps/7JFKjdba8gybfP6M8\',`instagram`=\'sasmeka\',`telp`=\'088772345678888\' where id=1')
 5 SYSTEMPATH\CodeIgniter.php(896): App\Controllers\Manajemen_Clinic->update()
 6 SYSTEMPATH\CodeIgniter.php(466): CodeIgniter\CodeIgniter->runController(Object(App\Controllers\Manajemen_Clinic))
 7 SYSTEMPATH\CodeIgniter.php(349): CodeIgniter\CodeIgniter->handleRequest(null, Object(Config\Cache), false)
 8 FCPATH\index.php(55): CodeIgniter\CodeIgniter->run()
 9 SYSTEMPATH\Commands\Server\rewrite.php(43): require_once('FCPATH\\index.php')
ERROR - 2022-07-17 05:47:46 --> Table 'shop.seller' doesn't exist
CRITICAL - 2022-07-17 05:47:46 --> Table 'shop.seller' doesn't exist
in SYSTEMPATH\Database\MySQLi\Connection.php on line 292.
 1 SYSTEMPATH\Database\MySQLi\Connection.php(292): mysqli->query('SELECT * FROM seller', 0)
 2 SYSTEMPATH\Database\BaseConnection.php(695): CodeIgniter\Database\MySQLi\Connection->execute('SELECT * FROM seller')
 3 SYSTEMPATH\Database\BaseConnection.php(609): CodeIgniter\Database\BaseConnection->simpleQuery('SELECT * FROM seller')
 4 APPPATH\Controllers\Website.php(83): CodeIgniter\Database\BaseConnection->query('SELECT * FROM seller')
 5 SYSTEMPATH\CodeIgniter.php(896): App\Controllers\Website->seller()
 6 SYSTEMPATH\CodeIgniter.php(466): CodeIgniter\CodeIgniter->runController(Object(App\Controllers\Website))
 7 SYSTEMPATH\CodeIgniter.php(349): CodeIgniter\CodeIgniter->handleRequest(null, Object(Config\Cache), false)
 8 FCPATH\index.php(55): CodeIgniter\CodeIgniter->run()
 9 SYSTEMPATH\Commands\Server\rewrite.php(43): require_once('FCPATH\\index.php')
CRITICAL - 2022-07-17 06:03:08 --> Invalid file: website/seller.php
in SYSTEMPATH\Exceptions\FrameworkException.php on line 33.
 1 SYSTEMPATH\View\View.php(201): CodeIgniter\Exceptions\FrameworkException::forInvalidFile('website/seller.php')
 2 SYSTEMPATH\Common.php(1135): CodeIgniter\View\View->render('website/seller', [], true)
 3 APPPATH\Controllers\Website.php(88): view('website/seller', [...])
 4 SYSTEMPATH\CodeIgniter.php(896): App\Controllers\Website->seller()
 5 SYSTEMPATH\CodeIgniter.php(466): CodeIgniter\CodeIgniter->runController(Object(App\Controllers\Website))
 6 SYSTEMPATH\CodeIgniter.php(349): CodeIgniter\CodeIgniter->handleRequest(null, Object(Config\Cache), false)
 7 FCPATH\index.php(55): CodeIgniter\CodeIgniter->run()
 8 SYSTEMPATH\Commands\Server\rewrite.php(43): require_once('FCPATH\\index.php')
CRITICAL - 2022-07-17 06:04:36 --> Invalid file: website/seller.php
in SYSTEMPATH\Exceptions\FrameworkException.php on line 33.
 1 SYSTEMPATH\View\View.php(201): CodeIgniter\Exceptions\FrameworkException::forInvalidFile('website/seller.php')
 2 SYSTEMPATH\Common.php(1135): CodeIgniter\View\View->render('website/seller', [], true)
 3 APPPATH\Controllers\Website.php(88): view('website/seller', [...])
 4 SYSTEMPATH\CodeIgniter.php(896): App\Controllers\Website->seller()
 5 SYSTEMPATH\CodeIgniter.php(466): CodeIgniter\CodeIgniter->runController(Object(App\Controllers\Website))
 6 SYSTEMPATH\CodeIgniter.php(349): CodeIgniter\CodeIgniter->handleRequest(null, Object(Config\Cache), false)
 7 FCPATH\index.php(55): CodeIgniter\CodeIgniter->run()
 8 SYSTEMPATH\Commands\Server\rewrite.php(43): require_once('FCPATH\\index.php')
CRITICAL - 2022-07-17 06:19:47 --> Undefined property: stdClass::$nama_klinik
in APPPATH\Views\manajemen_seller.php on line 151.
 1 APPPATH\Views\manajemen_seller.php(151): CodeIgniter\Debug\Exceptions->errorHandler(2, 'Undefined property: stdClass::$nama_klinik', 'APPPATH\\Views\\manajemen_seller.php', 151)
 2 SYSTEMPATH\View\View.php(213): include('APPPATH\\Views\\manajemen_seller.php')
 3 SYSTEMPATH\View\View.php(216): CodeIgniter\View\View->CodeIgniter\View\{closure}()
 4 SYSTEMPATH\Common.php(1135): CodeIgniter\View\View->render('manajemen_seller', [], true)
 5 APPPATH\Controllers\Manajemen_Seller.php(23): view('manajemen_seller', [...])
 6 SYSTEMPATH\CodeIgniter.php(896): App\Controllers\Manajemen_Seller->index()
 7 SYSTEMPATH\CodeIgniter.php(466): CodeIgniter\CodeIgniter->runController(Object(App\Controllers\Manajemen_Seller))
 8 SYSTEMPATH\CodeIgniter.php(349): CodeIgniter\CodeIgniter->handleRequest(null, Object(Config\Cache), false)
 9 FCPATH\index.php(55): CodeIgniter\CodeIgniter->run()
10 SYSTEMPATH\Commands\Server\rewrite.php(43): require_once('FCPATH\\index.php')
CRITICAL - 2022-07-17 06:28:44 --> Undefined property: stdClass::$Kode
in APPPATH\Views\manajemen_seller.php on line 157.
 1 APPPATH\Views\manajemen_seller.php(157): CodeIgniter\Debug\Exceptions->errorHandler(2, 'Undefined property: stdClass::$Kode', 'APPPATH\\Views\\manajemen_seller.php', 157)
 2 SYSTEMPATH\View\View.php(213): include('APPPATH\\Views\\manajemen_seller.php')
 3 SYSTEMPATH\View\View.php(216): CodeIgniter\View\View->CodeIgniter\View\{closure}()
 4 SYSTEMPATH\Common.php(1135): CodeIgniter\View\View->render('manajemen_seller', [], true)
 5 APPPATH\Controllers\Manajemen_Seller.php(23): view('manajemen_seller', [...])
 6 SYSTEMPATH\CodeIgniter.php(896): App\Controllers\Manajemen_Seller->index()
 7 SYSTEMPATH\CodeIgniter.php(466): CodeIgniter\CodeIgniter->runController(Object(App\Controllers\Manajemen_Seller))
 8 SYSTEMPATH\CodeIgniter.php(349): CodeIgniter\CodeIgniter->handleRequest(null, Object(Config\Cache), false)
 9 FCPATH\index.php(55): CodeIgniter\CodeIgniter->run()
10 SYSTEMPATH\Commands\Server\rewrite.php(43): require_once('FCPATH\\index.php')
ERROR - 2022-07-17 06:38:55 --> You have an error in your SQL syntax; check the manual that corresponds to your MariaDB server version for the right syntax to use near '(code,nama,alamat,wa,instagram,jenis) SET ('a','a','b','a','a','a') WHERE id='2'' at line 1
CRITICAL - 2022-07-17 06:38:55 --> You have an error in your SQL syntax; check the manual that corresponds to your MariaDB server version for the right syntax to use near '(code,nama,alamat,wa,instagram,jenis) SET ('a','a','b','a','a','a') WHERE id='2'' at line 1
in SYSTEMPATH\Database\MySQLi\Connection.php on line 292.
 1 SYSTEMPATH\Database\MySQLi\Connection.php(292): mysqli->query('UPDATE seller (code,nama,alamat,wa,instagram,jenis) SET (\'a\',\'a\',\'b\',\'a\',\'a\',\'a\') WHERE id=\'2\'', 0)
 2 SYSTEMPATH\Database\BaseConnection.php(695): CodeIgniter\Database\MySQLi\Connection->execute('UPDATE seller (code,nama,alamat,wa,instagram,jenis) SET (\'a\',\'a\',\'b\',\'a\',\'a\',\'a\') WHERE id=\'2\'')
 3 SYSTEMPATH\Database\BaseConnection.php(609): CodeIgniter\Database\BaseConnection->simpleQuery('UPDATE seller (code,nama,alamat,wa,instagram,jenis) SET (\'a\',\'a\',\'b\',\'a\',\'a\',\'a\') WHERE id=\'2\'')
 4 APPPATH\Controllers\Manajemen_Seller.php(53): CodeIgniter\Database\BaseConnection->query('UPDATE seller (code,nama,alamat,wa,instagram,jenis) SET (\'a\',\'a\',\'b\',\'a\',\'a\',\'a\') WHERE id=\'2\'')
 5 SYSTEMPATH\CodeIgniter.php(896): App\Controllers\Manajemen_Seller->update()
 6 SYSTEMPATH\CodeIgniter.php(466): CodeIgniter\CodeIgniter->runController(Object(App\Controllers\Manajemen_Seller))
 7 SYSTEMPATH\CodeIgniter.php(349): CodeIgniter\CodeIgniter->handleRequest(null, Object(Config\Cache), false)
 8 FCPATH\index.php(55): CodeIgniter\CodeIgniter->run()
 9 SYSTEMPATH\Commands\Server\rewrite.php(43): require_once('FCPATH\\index.php')
CRITICAL - 2022-07-17 20:52:51 --> Invalid file: website/seller.php
in SYSTEMPATH\Exceptions\FrameworkException.php on line 33.
 1 SYSTEMPATH\View\View.php(201): CodeIgniter\Exceptions\FrameworkException::forInvalidFile('website/seller.php')
 2 SYSTEMPATH\Common.php(1135): CodeIgniter\View\View->render('website/seller', [], true)
 3 APPPATH\Controllers\Website.php(88): view('website/seller', [...])
 4 SYSTEMPATH\CodeIgniter.php(896): App\Controllers\Website->seller()
 5 SYSTEMPATH\CodeIgniter.php(466): CodeIgniter\CodeIgniter->runController(Object(App\Controllers\Website))
 6 SYSTEMPATH\CodeIgniter.php(349): CodeIgniter\CodeIgniter->handleRequest(null, Object(Config\Cache), false)
 7 FCPATH\index.php(55): CodeIgniter\CodeIgniter->run()
 8 SYSTEMPATH\Commands\Server\rewrite.php(43): require_once('FCPATH\\index.php')
CRITICAL - 2022-07-17 20:58:32 --> Invalid file: website/seller.php
in SYSTEMPATH\Exceptions\FrameworkException.php on line 33.
 1 SYSTEMPATH\View\View.php(201): CodeIgniter\Exceptions\FrameworkException::forInvalidFile('website/seller.php')
 2 SYSTEMPATH\Common.php(1135): CodeIgniter\View\View->render('website/seller', [], true)
 3 APPPATH\Controllers\Website.php(88): view('website/seller', [...])
 4 SYSTEMPATH\CodeIgniter.php(896): App\Controllers\Website->seller()
 5 SYSTEMPATH\CodeIgniter.php(466): CodeIgniter\CodeIgniter->runController(Object(App\Controllers\Website))
 6 SYSTEMPATH\CodeIgniter.php(349): CodeIgniter\CodeIgniter->handleRequest(null, Object(Config\Cache), false)
 7 FCPATH\index.php(55): CodeIgniter\CodeIgniter->run()
 8 SYSTEMPATH\Commands\Server\rewrite.php(43): require_once('FCPATH\\index.php')
CRITICAL - 2022-07-17 21:04:20 --> Undefined property: stdClass::$image
in APPPATH\Views\website\seller.php on line 20.
 1 APPPATH\Views\website\seller.php(20): CodeIgniter\Debug\Exceptions->errorHandler(2, 'Undefined property: stdClass::$image', 'APPPATH\\Views\\website\\seller.php', 20)
 2 SYSTEMPATH\View\View.php(213): include('APPPATH\\Views\\website\\seller.php')
 3 SYSTEMPATH\View\View.php(216): CodeIgniter\View\View->CodeIgniter\View\{closure}()
 4 SYSTEMPATH\Common.php(1135): CodeIgniter\View\View->render('website/seller', [], true)
 5 APPPATH\Controllers\Website.php(88): view('website/seller', [...])
 6 SYSTEMPATH\CodeIgniter.php(896): App\Controllers\Website->seller()
 7 SYSTEMPATH\CodeIgniter.php(466): CodeIgniter\CodeIgniter->runController(Object(App\Controllers\Website))
 8 SYSTEMPATH\CodeIgniter.php(349): CodeIgniter\CodeIgniter->handleRequest(null, Object(Config\Cache), false)
 9 FCPATH\index.php(55): CodeIgniter\CodeIgniter->run()
10 SYSTEMPATH\Commands\Server\rewrite.php(43): require_once('FCPATH\\index.php')
CRITICAL - 2022-07-17 21:04:34 --> Undefined property: stdClass::$nama_klinik
in APPPATH\Views\website\seller.php on line 22.
 1 APPPATH\Views\website\seller.php(22): CodeIgniter\Debug\Exceptions->errorHandler(2, 'Undefined property: stdClass::$nama_klinik', 'APPPATH\\Views\\website\\seller.php', 22)
 2 SYSTEMPATH\View\View.php(213): include('APPPATH\\Views\\website\\seller.php')
 3 SYSTEMPATH\View\View.php(216): CodeIgniter\View\View->CodeIgniter\View\{closure}()
 4 SYSTEMPATH\Common.php(1135): CodeIgniter\View\View->render('website/seller', [], true)
 5 APPPATH\Controllers\Website.php(88): view('website/seller', [...])
 6 SYSTEMPATH\CodeIgniter.php(896): App\Controllers\Website->seller()
 7 SYSTEMPATH\CodeIgniter.php(466): CodeIgniter\CodeIgniter->runController(Object(App\Controllers\Website))
 8 SYSTEMPATH\CodeIgniter.php(349): CodeIgniter\CodeIgniter->handleRequest(null, Object(Config\Cache), false)
 9 FCPATH\index.php(55): CodeIgniter\CodeIgniter->run()
10 SYSTEMPATH\Commands\Server\rewrite.php(43): require_once('FCPATH\\index.php')
CRITICAL - 2022-07-17 21:09:29 --> Undefined property: stdClass::$maps
in APPPATH\Views\website\seller.php on line 23.
 1 APPPATH\Views\website\seller.php(23): CodeIgniter\Debug\Exceptions->errorHandler(2, 'Undefined property: stdClass::$maps', 'APPPATH\\Views\\website\\seller.php', 23)
 2 SYSTEMPATH\View\View.php(213): include('APPPATH\\Views\\website\\seller.php')
 3 SYSTEMPATH\View\View.php(216): CodeIgniter\View\View->CodeIgniter\View\{closure}()
 4 SYSTEMPATH\Common.php(1135): CodeIgniter\View\View->render('website/seller', [], true)
 5 APPPATH\Controllers\Website.php(88): view('website/seller', [...])
 6 SYSTEMPATH\CodeIgniter.php(896): App\Controllers\Website->seller()
 7 SYSTEMPATH\CodeIgniter.php(466): CodeIgniter\CodeIgniter->runController(Object(App\Controllers\Website))
 8 SYSTEMPATH\CodeIgniter.php(349): CodeIgniter\CodeIgniter->handleRequest(null, Object(Config\Cache), false)
 9 FCPATH\index.php(55): CodeIgniter\CodeIgniter->run()
10 SYSTEMPATH\Commands\Server\rewrite.php(43): require_once('FCPATH\\index.php')
CRITICAL - 2022-07-17 21:10:52 --> Undefined property: stdClass::$Jenis
in APPPATH\Views\website\seller.php on line 25.
 1 APPPATH\Views\website\seller.php(25): CodeIgniter\Debug\Exceptions->errorHandler(2, 'Undefined property: stdClass::$Jenis', 'APPPATH\\Views\\website\\seller.php', 25)
 2 SYSTEMPATH\View\View.php(213): include('APPPATH\\Views\\website\\seller.php')
 3 SYSTEMPATH\View\View.php(216): CodeIgniter\View\View->CodeIgniter\View\{closure}()
 4 SYSTEMPATH\Common.php(1135): CodeIgniter\View\View->render('website/seller', [], true)
 5 APPPATH\Controllers\Website.php(88): view('website/seller', [...])
 6 SYSTEMPATH\CodeIgniter.php(896): App\Controllers\Website->seller()
 7 SYSTEMPATH\CodeIgniter.php(466): CodeIgniter\CodeIgniter->runController(Object(App\Controllers\Website))
 8 SYSTEMPATH\CodeIgniter.php(349): CodeIgniter\CodeIgniter->handleRequest(null, Object(Config\Cache), false)
 9 FCPATH\index.php(55): CodeIgniter\CodeIgniter->run()
10 SYSTEMPATH\Commands\Server\rewrite.php(43): require_once('FCPATH\\index.php')
CRITICAL - 2022-07-17 23:47:49 --> Undefined variable $category
in APPPATH\Views\website\template\footer.php on line 27.
 1 APPPATH\Views\website\template\footer.php(27): CodeIgniter\Debug\Exceptions->errorHandler(2, 'Undefined variable $category', 'APPPATH\\Views\\website\\template\\footer.php', 27)
 2 SYSTEMPATH\View\View.php(213): include('APPPATH\\Views\\website\\template\\footer.php')
 3 SYSTEMPATH\View\View.php(216): CodeIgniter\View\View->CodeIgniter\View\{closure}()
 4 SYSTEMPATH\View\View.php(429): CodeIgniter\View\View->render('website/template/footer', null, true)
 5 APPPATH\Views\website\template\content.php(4): CodeIgniter\View\View->include('website/template/footer')
 6 SYSTEMPATH\View\View.php(213): include('APPPATH\\Views\\website\\template\\content.php')
 7 SYSTEMPATH\View\View.php(216): CodeIgniter\View\View->CodeIgniter\View\{closure}()
 8 SYSTEMPATH\View\View.php(229): CodeIgniter\View\View->render('website/template/content', [], true)
 9 SYSTEMPATH\Common.php(1135): CodeIgniter\View\View->render('website/shop', [], true)
10 APPPATH\Controllers\Website.php(100): view('website/shop', [...])
11 SYSTEMPATH\CodeIgniter.php(896): App\Controllers\Website->shop()
12 SYSTEMPATH\CodeIgniter.php(466): CodeIgniter\CodeIgniter->runController(Object(App\Controllers\Website))
13 SYSTEMPATH\CodeIgniter.php(349): CodeIgniter\CodeIgniter->handleRequest(null, Object(Config\Cache), false)
14 FCPATH\index.php(55): CodeIgniter\CodeIgniter->run()
15 SYSTEMPATH\Commands\Server\rewrite.php(43): require_once('FCPATH\\index.php')
CRITICAL - 2022-07-17 23:49:34 --> Undefined variable $category
in APPPATH\Views\website\template\footer.php on line 27.
 1 APPPATH\Views\website\template\footer.php(27): CodeIgniter\Debug\Exceptions->errorHandler(2, 'Undefined variable $category', 'APPPATH\\Views\\website\\template\\footer.php', 27)
 2 SYSTEMPATH\View\View.php(213): include('APPPATH\\Views\\website\\template\\footer.php')
 3 SYSTEMPATH\View\View.php(216): CodeIgniter\View\View->CodeIgniter\View\{closure}()
 4 SYSTEMPATH\View\View.php(429): CodeIgniter\View\View->render('website/template/footer', null, true)
 5 APPPATH\Views\website\template\content.php(4): CodeIgniter\View\View->include('website/template/footer')
 6 SYSTEMPATH\View\View.php(213): include('APPPATH\\Views\\website\\template\\content.php')
 7 SYSTEMPATH\View\View.php(216): CodeIgniter\View\View->CodeIgniter\View\{closure}()
 8 SYSTEMPATH\View\View.php(229): CodeIgniter\View\View->render('website/template/content', [], true)
 9 SYSTEMPATH\Common.php(1135): CodeIgniter\View\View->render('website/shop', [], true)
10 APPPATH\Controllers\Website.php(100): view('website/shop', [...])
11 SYSTEMPATH\CodeIgniter.php(896): App\Controllers\Website->shop()
12 SYSTEMPATH\CodeIgniter.php(466): CodeIgniter\CodeIgniter->runController(Object(App\Controllers\Website))
13 SYSTEMPATH\CodeIgniter.php(349): CodeIgniter\CodeIgniter->handleRequest(null, Object(Config\Cache), false)
14 FCPATH\index.php(55): CodeIgniter\CodeIgniter->run()
15 SYSTEMPATH\Commands\Server\rewrite.php(43): require_once('FCPATH\\index.php')
CRITICAL - 2022-07-17 23:49:35 --> Undefined variable $category
in APPPATH\Views\website\template\footer.php on line 27.
 1 APPPATH\Views\website\template\footer.php(27): CodeIgniter\Debug\Exceptions->errorHandler(2, 'Undefined variable $category', 'APPPATH\\Views\\website\\template\\footer.php', 27)
 2 SYSTEMPATH\View\View.php(213): include('APPPATH\\Views\\website\\template\\footer.php')
 3 SYSTEMPATH\View\View.php(216): CodeIgniter\View\View->CodeIgniter\View\{closure}()
 4 SYSTEMPATH\View\View.php(429): CodeIgniter\View\View->render('website/template/footer', null, true)
 5 APPPATH\Views\website\template\content.php(4): CodeIgniter\View\View->include('website/template/footer')
 6 SYSTEMPATH\View\View.php(213): include('APPPATH\\Views\\website\\template\\content.php')
 7 SYSTEMPATH\View\View.php(216): CodeIgniter\View\View->CodeIgniter\View\{closure}()
 8 SYSTEMPATH\View\View.php(229): CodeIgniter\View\View->render('website/template/content', [], true)
 9 SYSTEMPATH\Common.php(1135): CodeIgniter\View\View->render('website/shop', [], true)
10 APPPATH\Controllers\Website.php(100): view('website/shop', [...])
11 SYSTEMPATH\CodeIgniter.php(896): App\Controllers\Website->shop()
12 SYSTEMPATH\CodeIgniter.php(466): CodeIgniter\CodeIgniter->runController(Object(App\Controllers\Website))
13 SYSTEMPATH\CodeIgniter.php(349): CodeIgniter\CodeIgniter->handleRequest(null, Object(Config\Cache), false)
14 FCPATH\index.php(55): CodeIgniter\CodeIgniter->run()
15 SYSTEMPATH\Commands\Server\rewrite.php(43): require_once('FCPATH\\index.php')
CRITICAL - 2022-07-17 23:49:36 --> Undefined variable $category
in APPPATH\Views\website\template\footer.php on line 27.
 1 APPPATH\Views\website\template\footer.php(27): CodeIgniter\Debug\Exceptions->errorHandler(2, 'Undefined variable $category', 'APPPATH\\Views\\website\\template\\footer.php', 27)
 2 SYSTEMPATH\View\View.php(213): include('APPPATH\\Views\\website\\template\\footer.php')
 3 SYSTEMPATH\View\View.php(216): CodeIgniter\View\View->CodeIgniter\View\{closure}()
 4 SYSTEMPATH\View\View.php(429): CodeIgniter\View\View->render('website/template/footer', null, true)
 5 APPPATH\Views\website\template\content.php(4): CodeIgniter\View\View->include('website/template/footer')
 6 SYSTEMPATH\View\View.php(213): include('APPPATH\\Views\\website\\template\\content.php')
 7 SYSTEMPATH\View\View.php(216): CodeIgniter\View\View->CodeIgniter\View\{closure}()
 8 SYSTEMPATH\View\View.php(229): CodeIgniter\View\View->render('website/template/content', [], true)
 9 SYSTEMPATH\Common.php(1135): CodeIgniter\View\View->render('website/shop', [], true)
10 APPPATH\Controllers\Website.php(100): view('website/shop', [...])
11 SYSTEMPATH\CodeIgniter.php(896): App\Controllers\Website->shop()
12 SYSTEMPATH\CodeIgniter.php(466): CodeIgniter\CodeIgniter->runController(Object(App\Controllers\Website))
13 SYSTEMPATH\CodeIgniter.php(349): CodeIgniter\CodeIgniter->handleRequest(null, Object(Config\Cache), false)
14 FCPATH\index.php(55): CodeIgniter\CodeIgniter->run()
15 SYSTEMPATH\Commands\Server\rewrite.php(43): require_once('FCPATH\\index.php')
CRITICAL - 2022-07-17 23:51:02 --> Undefined variable $category
in APPPATH\Views\website\template\footer.php on line 27.
 1 APPPATH\Views\website\template\footer.php(27): CodeIgniter\Debug\Exceptions->errorHandler(2, 'Undefined variable $category', 'APPPATH\\Views\\website\\template\\footer.php', 27)
 2 SYSTEMPATH\View\View.php(213): include('APPPATH\\Views\\website\\template\\footer.php')
 3 SYSTEMPATH\View\View.php(216): CodeIgniter\View\View->CodeIgniter\View\{closure}()
 4 SYSTEMPATH\View\View.php(429): CodeIgniter\View\View->render('website/template/footer', null, true)
 5 APPPATH\Views\website\template\content.php(4): CodeIgniter\View\View->include('website/template/footer')
 6 SYSTEMPATH\View\View.php(213): include('APPPATH\\Views\\website\\template\\content.php')
 7 SYSTEMPATH\View\View.php(216): CodeIgniter\View\View->CodeIgniter\View\{closure}()
 8 SYSTEMPATH\View\View.php(229): CodeIgniter\View\View->render('website/template/content', [], true)
 9 SYSTEMPATH\Common.php(1135): CodeIgniter\View\View->render('website/shop', [], true)
10 APPPATH\Controllers\Website.php(100): view('website/shop', [...])
11 SYSTEMPATH\CodeIgniter.php(896): App\Controllers\Website->shop()
12 SYSTEMPATH\CodeIgniter.php(466): CodeIgniter\CodeIgniter->runController(Object(App\Controllers\Website))
13 SYSTEMPATH\CodeIgniter.php(349): CodeIgniter\CodeIgniter->handleRequest(null, Object(Config\Cache), false)
14 FCPATH\index.php(55): CodeIgniter\CodeIgniter->run()
15 SYSTEMPATH\Commands\Server\rewrite.php(43): require_once('FCPATH\\index.php')
CRITICAL - 2022-07-17 23:52:56 --> Undefined variable $category
in APPPATH\Views\website\template\footer.php on line 27.
 1 APPPATH\Views\website\template\footer.php(27): CodeIgniter\Debug\Exceptions->errorHandler(2, 'Undefined variable $category', 'APPPATH\\Views\\website\\template\\footer.php', 27)
 2 SYSTEMPATH\View\View.php(213): include('APPPATH\\Views\\website\\template\\footer.php')
 3 SYSTEMPATH\View\View.php(216): CodeIgniter\View\View->CodeIgniter\View\{closure}()
 4 SYSTEMPATH\View\View.php(429): CodeIgniter\View\View->render('website/template/footer', null, true)
 5 APPPATH\Views\website\template\content.php(4): CodeIgniter\View\View->include('website/template/footer')
 6 SYSTEMPATH\View\View.php(213): include('APPPATH\\Views\\website\\template\\content.php')
 7 SYSTEMPATH\View\View.php(216): CodeIgniter\View\View->CodeIgniter\View\{closure}()
 8 SYSTEMPATH\View\View.php(229): CodeIgniter\View\View->render('website/template/content', [], true)
 9 SYSTEMPATH\Common.php(1135): CodeIgniter\View\View->render('website/shop', [], true)
10 APPPATH\Controllers\Website.php(100): view('website/shop', [...])
11 SYSTEMPATH\CodeIgniter.php(896): App\Controllers\Website->shop()
12 SYSTEMPATH\CodeIgniter.php(466): CodeIgniter\CodeIgniter->runController(Object(App\Controllers\Website))
13 SYSTEMPATH\CodeIgniter.php(349): CodeIgniter\CodeIgniter->handleRequest(null, Object(Config\Cache), false)
14 FCPATH\index.php(55): CodeIgniter\CodeIgniter->run()
15 SYSTEMPATH\Commands\Server\rewrite.php(43): require_once('FCPATH\\index.php')
CRITICAL - 2022-07-17 23:53:05 --> Undefined variable $category
in APPPATH\Views\website\template\footer.php on line 27.
 1 APPPATH\Views\website\template\footer.php(27): CodeIgniter\Debug\Exceptions->errorHandler(2, 'Undefined variable $category', 'APPPATH\\Views\\website\\template\\footer.php', 27)
 2 SYSTEMPATH\View\View.php(213): include('APPPATH\\Views\\website\\template\\footer.php')
 3 SYSTEMPATH\View\View.php(216): CodeIgniter\View\View->CodeIgniter\View\{closure}()
 4 SYSTEMPATH\View\View.php(429): CodeIgniter\View\View->render('website/template/footer', null, true)
 5 APPPATH\Views\website\template\content.php(4): CodeIgniter\View\View->include('website/template/footer')
 6 SYSTEMPATH\View\View.php(213): include('APPPATH\\Views\\website\\template\\content.php')
 7 SYSTEMPATH\View\View.php(216): CodeIgniter\View\View->CodeIgniter\View\{closure}()
 8 SYSTEMPATH\View\View.php(229): CodeIgniter\View\View->render('website/template/content', [], true)
 9 SYSTEMPATH\Common.php(1135): CodeIgniter\View\View->render('website/shop', [], true)
10 APPPATH\Controllers\Website.php(100): view('website/shop', [...])
11 SYSTEMPATH\CodeIgniter.php(896): App\Controllers\Website->shop()
12 SYSTEMPATH\CodeIgniter.php(466): CodeIgniter\CodeIgniter->runController(Object(App\Controllers\Website))
13 SYSTEMPATH\CodeIgniter.php(349): CodeIgniter\CodeIgniter->handleRequest(null, Object(Config\Cache), false)
14 FCPATH\index.php(55): CodeIgniter\CodeIgniter->run()
15 SYSTEMPATH\Commands\Server\rewrite.php(43): require_once('FCPATH\\index.php')
CRITICAL - 2022-07-17 23:54:14 --> Undefined variable $category
in APPPATH\Views\website\template\footer.php on line 27.
 1 APPPATH\Views\website\template\footer.php(27): CodeIgniter\Debug\Exceptions->errorHandler(2, 'Undefined variable $category', 'APPPATH\\Views\\website\\template\\footer.php', 27)
 2 SYSTEMPATH\View\View.php(213): include('APPPATH\\Views\\website\\template\\footer.php')
 3 SYSTEMPATH\View\View.php(216): CodeIgniter\View\View->CodeIgniter\View\{closure}()
 4 SYSTEMPATH\View\View.php(429): CodeIgniter\View\View->render('website/template/footer', null, true)
 5 APPPATH\Views\website\template\content.php(4): CodeIgniter\View\View->include('website/template/footer')
 6 SYSTEMPATH\View\View.php(213): include('APPPATH\\Views\\website\\template\\content.php')
 7 SYSTEMPATH\View\View.php(216): CodeIgniter\View\View->CodeIgniter\View\{closure}()
 8 SYSTEMPATH\View\View.php(229): CodeIgniter\View\View->render('website/template/content', [], true)
 9 SYSTEMPATH\Common.php(1135): CodeIgniter\View\View->render('website/shop', [], true)
10 APPPATH\Controllers\Website.php(100): view('website/shop', [...])
11 SYSTEMPATH\CodeIgniter.php(896): App\Controllers\Website->shop()
12 SYSTEMPATH\CodeIgniter.php(466): CodeIgniter\CodeIgniter->runController(Object(App\Controllers\Website))
13 SYSTEMPATH\CodeIgniter.php(349): CodeIgniter\CodeIgniter->handleRequest(null, Object(Config\Cache), false)
14 FCPATH\index.php(55): CodeIgniter\CodeIgniter->run()
15 SYSTEMPATH\Commands\Server\rewrite.php(43): require_once('FCPATH\\index.php')
CRITICAL - 2022-07-17 23:56:56 --> Undefined variable $category
in APPPATH\Views\website\template\footer.php on line 27.
 1 APPPATH\Views\website\template\footer.php(27): CodeIgniter\Debug\Exceptions->errorHandler(2, 'Undefined variable $category', 'APPPATH\\Views\\website\\template\\footer.php', 27)
 2 SYSTEMPATH\View\View.php(213): include('APPPATH\\Views\\website\\template\\footer.php')
 3 SYSTEMPATH\View\View.php(216): CodeIgniter\View\View->CodeIgniter\View\{closure}()
 4 SYSTEMPATH\View\View.php(429): CodeIgniter\View\View->render('website/template/footer', null, true)
 5 APPPATH\Views\website\template\content.php(4): CodeIgniter\View\View->include('website/template/footer')
 6 SYSTEMPATH\View\View.php(213): include('APPPATH\\Views\\website\\template\\content.php')
 7 SYSTEMPATH\View\View.php(216): CodeIgniter\View\View->CodeIgniter\View\{closure}()
 8 SYSTEMPATH\View\View.php(229): CodeIgniter\View\View->render('website/template/content', [], true)
 9 SYSTEMPATH\Common.php(1135): CodeIgniter\View\View->render('website/shop', [], true)
10 APPPATH\Controllers\Website.php(100): view('website/shop', [...])
11 SYSTEMPATH\CodeIgniter.php(896): App\Controllers\Website->shop()
12 SYSTEMPATH\CodeIgniter.php(466): CodeIgniter\CodeIgniter->runController(Object(App\Controllers\Website))
13 SYSTEMPATH\CodeIgniter.php(349): CodeIgniter\CodeIgniter->handleRequest(null, Object(Config\Cache), false)
14 FCPATH\index.php(55): CodeIgniter\CodeIgniter->run()
15 SYSTEMPATH\Commands\Server\rewrite.php(43): require_once('FCPATH\\index.php')
CRITICAL - 2022-07-17 23:58:58 --> Undefined variable $category
in APPPATH\Views\website\template\footer.php on line 27.
 1 APPPATH\Views\website\template\footer.php(27): CodeIgniter\Debug\Exceptions->errorHandler(2, 'Undefined variable $category', 'APPPATH\\Views\\website\\template\\footer.php', 27)
 2 SYSTEMPATH\View\View.php(213): include('APPPATH\\Views\\website\\template\\footer.php')
 3 SYSTEMPATH\View\View.php(216): CodeIgniter\View\View->CodeIgniter\View\{closure}()
 4 SYSTEMPATH\View\View.php(429): CodeIgniter\View\View->render('website/template/footer', null, true)
 5 APPPATH\Views\website\template\content.php(4): CodeIgniter\View\View->include('website/template/footer')
 6 SYSTEMPATH\View\View.php(213): include('APPPATH\\Views\\website\\template\\content.php')
 7 SYSTEMPATH\View\View.php(216): CodeIgniter\View\View->CodeIgniter\View\{closure}()
 8 SYSTEMPATH\View\View.php(229): CodeIgniter\View\View->render('website/template/content', [], true)
 9 SYSTEMPATH\Common.php(1135): CodeIgniter\View\View->render('website/shop', [], true)
10 APPPATH\Controllers\Website.php(100): view('website/shop', [...])
11 SYSTEMPATH\CodeIgniter.php(896): App\Controllers\Website->shop()
12 SYSTEMPATH\CodeIgniter.php(466): CodeIgniter\CodeIgniter->runController(Object(App\Controllers\Website))
13 SYSTEMPATH\CodeIgniter.php(349): CodeIgniter\CodeIgniter->handleRequest(null, Object(Config\Cache), false)
14 FCPATH\index.php(55): CodeIgniter\CodeIgniter->run()
15 SYSTEMPATH\Commands\Server\rewrite.php(43): require_once('FCPATH\\index.php')
CRITICAL - 2022-07-17 23:59:46 --> Undefined variable $category
in APPPATH\Views\website\template\footer.php on line 27.
 1 APPPATH\Views\website\template\footer.php(27): CodeIgniter\Debug\Exceptions->errorHandler(2, 'Undefined variable $category', 'APPPATH\\Views\\website\\template\\footer.php', 27)
 2 SYSTEMPATH\View\View.php(213): include('APPPATH\\Views\\website\\template\\footer.php')
 3 SYSTEMPATH\View\View.php(216): CodeIgniter\View\View->CodeIgniter\View\{closure}()
 4 SYSTEMPATH\View\View.php(429): CodeIgniter\View\View->render('website/template/footer', null, true)
 5 APPPATH\Views\website\template\content.php(4): CodeIgniter\View\View->include('website/template/footer')
 6 SYSTEMPATH\View\View.php(213): include('APPPATH\\Views\\website\\template\\content.php')
 7 SYSTEMPATH\View\View.php(216): CodeIgniter\View\View->CodeIgniter\View\{closure}()
 8 SYSTEMPATH\View\View.php(229): CodeIgniter\View\View->render('website/template/content', [], true)
 9 SYSTEMPATH\Common.php(1135): CodeIgniter\View\View->render('website/shop', [], true)
10 APPPATH\Controllers\Website.php(100): view('website/shop', [...])
11 SYSTEMPATH\CodeIgniter.php(896): App\Controllers\Website->shop()
12 SYSTEMPATH\CodeIgniter.php(466): CodeIgniter\CodeIgniter->runController(Object(App\Controllers\Website))
13 SYSTEMPATH\CodeIgniter.php(349): CodeIgniter\CodeIgniter->handleRequest(null, Object(Config\Cache), false)
14 FCPATH\index.php(55): CodeIgniter\CodeIgniter->run()
15 SYSTEMPATH\Commands\Server\rewrite.php(43): require_once('FCPATH\\index.php')
